[1.000s] DEBUG:colcon:Command line arguments: ['/home/sora/.local/bin/colcon', 'build']
[1.000s] DEBUG:colcon:Parsed command line arguments: Namespace(log_base=None, log_level=None, verb_name='build', build_base='build', install_base='install', merge_install=False, symlink_install=False, test_result_base=None, continue_on_error=False, executor='parallel', parallel_workers=1, event_handlers=None, ignore_user_meta=False, metas=['./colcon.meta'], base_paths=['.'], packages_ignore=None, packages_ignore_regex=None, paths=None, packages_up_to=None, packages_up_to_regex=None, packages_above=None, packages_above_and_dependencies=None, packages_above_depth=None, packages_select_by_dep=None, packages_skip_by_dep=None, packages_skip_up_to=None, packages_select_build_failed=False, packages_skip_build_finished=False, packages_select_test_failures=False, packages_skip_test_passed=False, packages_select=None, packages_skip=None, packages_select_regex=None, packages_skip_regex=None, packages_start=None, packages_end=None, allow_overriding=[], cmake_args=None, cmake_target=None, cmake_target_skip_unavailable=False, cmake_clean_cache=False, cmake_clean_first=False, cmake_force_configure=False, ament_cmake_args=None, catkin_cmake_args=None, catkin_skip_building_tests=False, verb_parser=<colcon_defaults.argument_parser.defaults.DefaultArgumentsDecorator object at 0x7b80da9c13c0>, verb_extension=<colcon_core.verb.build.BuildVerb object at 0x7b80da9c0f70>, main=<bound method BuildVerb.main of <colcon_core.verb.build.BuildVerb object at 0x7b80da9c0f70>>)
[2.053s] Level 1:colcon.colcon_core.package_discovery:discover_packages(colcon_meta) check parameters
[2.053s] Level 1:colcon.colcon_core.package_discovery:discover_packages(recursive) check parameters
[2.053s] Level 1:colcon.colcon_core.package_discovery:discover_packages(ignore) check parameters
[2.053s] Level 1:colcon.colcon_core.package_discovery:discover_packages(path) check parameters
[2.053s] Level 1:colcon.colcon_core.package_discovery:discover_packages(colcon_meta) discover
[2.053s] Level 1:colcon.colcon_core.package_discovery:discover_packages(recursive) discover
[2.054s] INFO:colcon.colcon_core.package_discovery:Crawling recursively for packages in '/home/sora/bumperbot_ws'
[2.054s] Level 1:colcon.colcon_core.package_identification:_identify(.) by extensions ['ignore', 'ignore_ament_install']
[2.054s] Level 1:colcon.colcon_core.package_identification:_identify(.) by extension 'ignore'
[2.054s] Level 1:colcon.colcon_core.package_identification:_identify(.) by extension 'ignore_ament_install'
[2.054s] Level 1:colcon.colcon_core.package_identification:_identify(.) by extensions ['colcon_pkg']
[2.054s] Level 1:colcon.colcon_core.package_identification:_identify(.) by extension 'colcon_pkg'
[2.054s] Level 1:colcon.colcon_core.package_identification:_identify(.) by extensions ['colcon_meta']
[2.054s] Level 1:colcon.colcon_core.package_identification:_identify(.) by extension 'colcon_meta'
[2.054s] Level 1:colcon.colcon_core.package_identification:_identify(.) by extensions ['ros']
[2.054s] Level 1:colcon.colcon_core.package_identification:_identify(.) by extension 'ros'
[2.130s] Level 1:colcon.colcon_core.package_identification:_identify(.) by extensions ['cmake', 'python']
[2.141s] Level 1:colcon.colcon_core.package_identification:_identify(.) by extension 'cmake'
[2.141s] Level 1:colcon.colcon_core.package_identification:_identify(.) by extension 'python'
[2.141s] Level 1:colcon.colcon_core.package_identification:_identify(.) by extensions ['python_setup_py']
[2.141s] Level 1:colcon.colcon_core.package_identification:_identify(.) by extension 'python_setup_py'
[2.141s] Level 1:colcon.colcon_core.package_identification:_identify(build) by extensions ['ignore', 'ignore_ament_install']
[2.144s] Level 1:colcon.colcon_core.package_identification:_identify(build) by extension 'ignore'
[2.144s] Level 1:colcon.colcon_core.package_identification:_identify(build) ignored
[2.144s] Level 1:colcon.colcon_core.package_identification:_identify(install) by extensions ['ignore', 'ignore_ament_install']
[2.145s] Level 1:colcon.colcon_core.package_identification:_identify(install) by extension 'ignore'
[2.145s] Level 1:colcon.colcon_core.package_identification:_identify(install) ignored
[2.145s] Level 1:colcon.colcon_core.package_identification:_identify(log) by extensions ['ignore', 'ignore_ament_install']
[2.145s] Level 1:colcon.colcon_core.package_identification:_identify(log) by extension 'ignore'
[2.145s] Level 1:colcon.colcon_core.package_identification:_identify(log) ignored
[2.145s] Level 1:colcon.colcon_core.package_identification:_identify(src) by extensions ['ignore', 'ignore_ament_install']
[2.145s] Level 1:colcon.colcon_core.package_identification:_identify(src) by extension 'ignore'
[2.145s] Level 1:colcon.colcon_core.package_identification:_identify(src) by extension 'ignore_ament_install'
[2.145s] Level 1:colcon.colcon_core.package_identification:_identify(src) by extensions ['colcon_pkg']
[2.145s] Level 1:colcon.colcon_core.package_identification:_identify(src) by extension 'colcon_pkg'
[2.146s] Level 1:colcon.colcon_core.package_identification:_identify(src) by extensions ['colcon_meta']
[2.146s] Level 1:colcon.colcon_core.package_identification:_identify(src) by extension 'colcon_meta'
[2.146s] Level 1:colcon.colcon_core.package_identification:_identify(src) by extensions ['ros']
[2.146s] Level 1:colcon.colcon_core.package_identification:_identify(src) by extension 'ros'
[2.146s] Level 1:colcon.colcon_core.package_identification:_identify(src) by extensions ['cmake', 'python']
[2.146s] Level 1:colcon.colcon_core.package_identification:_identify(src) by extension 'cmake'
[2.146s] Level 1:colcon.colcon_core.package_identification:_identify(src) by extension 'python'
[2.146s] Level 1:colcon.colcon_core.package_identification:_identify(src) by extensions ['python_setup_py']
[2.146s] Level 1:colcon.colcon_core.package_identification:_identify(src) by extension 'python_setup_py'
[2.155s] Level 1:colcon.colcon_core.package_identification:_identify(src/build) by extensions ['ignore', 'ignore_ament_install']
[2.155s] Level 1:colcon.colcon_core.package_identification:_identify(src/build) by extension 'ignore'
[2.156s] Level 1:colcon.colcon_core.package_identification:_identify(src/build) ignored
[2.156s] Level 1:colcon.colcon_core.package_identification:_identify(src/bumperbot_py_examples) by extensions ['ignore', 'ignore_ament_install']
[2.156s] Level 1:colcon.colcon_core.package_identification:_identify(src/bumperbot_py_examples) by extension 'ignore'
[2.156s] Level 1:colcon.colcon_core.package_identification:_identify(src/bumperbot_py_examples) by extension 'ignore_ament_install'
[2.156s] Level 1:colcon.colcon_core.package_identification:_identify(src/bumperbot_py_examples) by extensions ['colcon_pkg']
[2.156s] Level 1:colcon.colcon_core.package_identification:_identify(src/bumperbot_py_examples) by extension 'colcon_pkg'
[2.156s] Level 1:colcon.colcon_core.package_identification:_identify(src/bumperbot_py_examples) by extensions ['colcon_meta']
[2.156s] Level 1:colcon.colcon_core.package_identification:_identify(src/bumperbot_py_examples) by extension 'colcon_meta'
[2.157s] Level 1:colcon.colcon_core.package_identification:_identify(src/bumperbot_py_examples) by extensions ['ros']
[2.157s] Level 1:colcon.colcon_core.package_identification:_identify(src/bumperbot_py_examples) by extension 'ros'
[2.175s] DEBUG:colcon.colcon_core.package_identification:Package 'src/bumperbot_py_examples' with type 'ros.ament_python' and name 'bumperbot_py_examples'
[2.179s] Level 1:colcon.colcon_core.package_identification:_identify(src/install) by extensions ['ignore', 'ignore_ament_install']
[2.179s] Level 1:colcon.colcon_core.package_identification:_identify(src/install) by extension 'ignore'
[2.179s] Level 1:colcon.colcon_core.package_identification:_identify(src/install) ignored
[2.181s] Level 1:colcon.colcon_core.package_identification:_identify(src/log) by extensions ['ignore', 'ignore_ament_install']
[2.181s] Level 1:colcon.colcon_core.package_identification:_identify(src/log) by extension 'ignore'
[2.181s] Level 1:colcon.colcon_core.package_identification:_identify(src/log) ignored
[2.181s] Level 1:colcon.colcon_core.package_discovery:discover_packages(recursive) using defaults
[2.181s] Level 1:colcon.colcon_core.package_discovery:discover_packages(ignore) discover
[2.181s] Level 1:colcon.colcon_core.package_discovery:discover_packages(ignore) using defaults
[2.181s] Level 1:colcon.colcon_core.package_discovery:discover_packages(path) discover
[2.181s] Level 1:colcon.colcon_core.package_discovery:discover_packages(path) using defaults
[2.336s] Level 1:colcon.colcon_core.package_discovery:discover_packages(prefix_path) check parameters
[2.338s] Level 1:colcon.colcon_core.package_discovery:discover_packages(prefix_path) discover
[2.348s] Level 1:colcon.colcon_core.package_discovery:discover_packages(prefix_path) using defaults
[2.356s] Level 5:colcon.colcon_core.verb:set package 'bumperbot_py_examples' build argument 'cmake_args' from command line to 'None'
[2.361s] Level 5:colcon.colcon_core.verb:set package 'bumperbot_py_examples' build argument 'cmake_target' from command line to 'None'
[2.361s] Level 5:colcon.colcon_core.verb:set package 'bumperbot_py_examples' build argument 'cmake_target_skip_unavailable' from command line to 'False'
[2.361s] Level 5:colcon.colcon_core.verb:set package 'bumperbot_py_examples' build argument 'cmake_clean_cache' from command line to 'False'
[2.361s] Level 5:colcon.colcon_core.verb:set package 'bumperbot_py_examples' build argument 'cmake_clean_first' from command line to 'False'
[2.361s] Level 5:colcon.colcon_core.verb:set package 'bumperbot_py_examples' build argument 'cmake_force_configure' from command line to 'False'
[2.361s] Level 5:colcon.colcon_core.verb:set package 'bumperbot_py_examples' build argument 'ament_cmake_args' from command line to 'None'
[2.361s] Level 5:colcon.colcon_core.verb:set package 'bumperbot_py_examples' build argument 'catkin_cmake_args' from command line to 'None'
[2.361s] Level 5:colcon.colcon_core.verb:set package 'bumperbot_py_examples' build argument 'catkin_skip_building_tests' from command line to 'False'
[2.361s] DEBUG:colcon.colcon_core.verb:Building package 'bumperbot_py_examples' with the following arguments: {'ament_cmake_args': None, 'build_base': '/home/sora/bumperbot_ws/build/bumperbot_py_examples', 'catkin_cmake_args': None, 'catkin_skip_building_tests': False, 'cmake_args': None, 'cmake_clean_cache': False, 'cmake_clean_first': False, 'cmake_force_configure': False, 'cmake_target': None, 'cmake_target_skip_unavailable': False, 'install_base': '/home/sora/bumperbot_ws/install/bumperbot_py_examples', 'merge_install': False, 'path': '/home/sora/bumperbot_ws/src/bumperbot_py_examples', 'symlink_install': False, 'test_result_base': None}
[2.361s] INFO:colcon.colcon_core.executor:Executing jobs using 'parallel' executor
[2.363s] DEBUG:colcon.colcon_parallel_executor.executor.parallel:run_until_complete
[2.363s] INFO:colcon.colcon_ros.task.ament_python.build:Building ROS package in '/home/sora/bumperbot_ws/src/bumperbot_py_examples' with build type 'ament_python'
[2.363s] Level 1:colcon.colcon_core.shell:create_environment_hook('bumperbot_py_examples', 'ament_prefix_path')
[2.395s] INFO:colcon.colcon_core.plugin_system:Skipping extension 'colcon_core.shell.bat': Not used on non-Windows systems
[2.396s] INFO:colcon.colcon_core.shell:Creating environment hook '/home/sora/bumperbot_ws/install/bumperbot_py_examples/share/bumperbot_py_examples/hook/ament_prefix_path.ps1'
[2.412s] INFO:colcon.colcon_core.shell:Creating environment descriptor '/home/sora/bumperbot_ws/install/bumperbot_py_examples/share/bumperbot_py_examples/hook/ament_prefix_path.dsv'
[2.427s] INFO:colcon.colcon_core.shell:Creating environment hook '/home/sora/bumperbot_ws/install/bumperbot_py_examples/share/bumperbot_py_examples/hook/ament_prefix_path.sh'
[2.431s] INFO:colcon.colcon_core.shell:Skip shell extension 'powershell' for command environment: Not usable outside of PowerShell
[2.431s] DEBUG:colcon.colcon_core.shell:Skip shell extension 'dsv' for command environment
[3.393s] INFO:colcon.colcon_core.task.python.build:Building Python package in '/home/sora/bumperbot_ws/src/bumperbot_py_examples'
[3.397s] INFO:colcon.colcon_core.shell:Skip shell extension 'powershell' for command environment: Not usable outside of PowerShell
[3.397s] DEBUG:colcon.colcon_core.shell:Skip shell extension 'dsv' for command environment
[6.211s] DEBUG:colcon.colcon_core.event_handler.log_command:Invoking command in '/home/sora/bumperbot_ws/src/bumperbot_py_examples': PYTHONPATH=/home/sora/bumperbot_ws/build/bumperbot_py_examples/prefix_override:/home/sora/.local/lib/python3.10/site-packages/colcon_core/task/python/colcon_distutils_commands:/home/sora/bumperbot_ws/install/bumperbot_py_examples/lib/python3.10/site-packages: /usr/bin/python3 -W ignore:setup.py install is deprecated setup.py egg_info --egg-base ../../build/bumperbot_py_examples build --build-base /home/sora/bumperbot_ws/build/bumperbot_py_examples/build install --record /home/sora/bumperbot_ws/build/bumperbot_py_examples/install.log --single-version-externally-managed install_data
[7.353s] DEBUG:colcon.colcon_core.event_handler.log_command:Invoked command in '/home/sora/bumperbot_ws/src/bumperbot_py_examples' returned '0': PYTHONPATH=/home/sora/bumperbot_ws/build/bumperbot_py_examples/prefix_override:/home/sora/.local/lib/python3.10/site-packages/colcon_core/task/python/colcon_distutils_commands:/home/sora/bumperbot_ws/install/bumperbot_py_examples/lib/python3.10/site-packages: /usr/bin/python3 -W ignore:setup.py install is deprecated setup.py egg_info --egg-base ../../build/bumperbot_py_examples build --build-base /home/sora/bumperbot_ws/build/bumperbot_py_examples/build install --record /home/sora/bumperbot_ws/build/bumperbot_py_examples/install.log --single-version-externally-managed install_data
[7.390s] Level 1:colcon.colcon_core.environment:checking '/home/sora/bumperbot_ws/install/bumperbot_py_examples' for CMake module files
[7.391s] Level 1:colcon.colcon_core.environment:checking '/home/sora/bumperbot_ws/install/bumperbot_py_examples' for CMake config files
[7.396s] Level 1:colcon.colcon_core.environment:checking '/home/sora/bumperbot_ws/install/bumperbot_py_examples/lib'
[7.396s] Level 1:colcon.colcon_core.environment:checking '/home/sora/bumperbot_ws/install/bumperbot_py_examples/bin'
[7.396s] Level 1:colcon.colcon_core.environment:checking '/home/sora/bumperbot_ws/install/bumperbot_py_examples/lib/pkgconfig/bumperbot_py_examples.pc'
[7.397s] Level 1:colcon.colcon_core.environment:checking '/home/sora/bumperbot_ws/install/bumperbot_py_examples/lib/python3.10/site-packages'
[7.397s] Level 1:colcon.colcon_core.shell:create_environment_hook('bumperbot_py_examples', 'pythonpath')
[7.397s] INFO:colcon.colcon_core.shell:Creating environment hook '/home/sora/bumperbot_ws/install/bumperbot_py_examples/share/bumperbot_py_examples/hook/pythonpath.ps1'
[7.416s] INFO:colcon.colcon_core.shell:Creating environment descriptor '/home/sora/bumperbot_ws/install/bumperbot_py_examples/share/bumperbot_py_examples/hook/pythonpath.dsv'
[7.418s] INFO:colcon.colcon_core.shell:Creating environment hook '/home/sora/bumperbot_ws/install/bumperbot_py_examples/share/bumperbot_py_examples/hook/pythonpath.sh'
[7.420s] Level 1:colcon.colcon_core.environment:checking '/home/sora/bumperbot_ws/install/bumperbot_py_examples/bin'
[7.420s] Level 1:colcon.colcon_core.environment:create_environment_scripts_only(bumperbot_py_examples)
[7.421s] INFO:colcon.colcon_core.shell:Creating package script '/home/sora/bumperbot_ws/install/bumperbot_py_examples/share/bumperbot_py_examples/package.ps1'
[7.425s] INFO:colcon.colcon_core.shell:Creating package descriptor '/home/sora/bumperbot_ws/install/bumperbot_py_examples/share/bumperbot_py_examples/package.dsv'
[7.431s] INFO:colcon.colcon_core.shell:Creating package script '/home/sora/bumperbot_ws/install/bumperbot_py_examples/share/bumperbot_py_examples/package.sh'
[7.436s] INFO:colcon.colcon_core.shell:Creating package script '/home/sora/bumperbot_ws/install/bumperbot_py_examples/share/bumperbot_py_examples/package.bash'
[7.444s] INFO:colcon.colcon_core.shell:Creating package script '/home/sora/bumperbot_ws/install/bumperbot_py_examples/share/bumperbot_py_examples/package.zsh'
[7.452s] Level 1:colcon.colcon_core.environment:create_file_with_runtime_dependencies(/home/sora/bumperbot_ws/install/bumperbot_py_examples/share/colcon-core/packages/bumperbot_py_examples)
[7.459s] DEBUG:colcon.colcon_parallel_executor.executor.parallel:closing loop
[7.464s] DEBUG:colcon.colcon_parallel_executor.executor.parallel:loop closed
[7.464s] DEBUG:colcon.colcon_parallel_executor.executor.parallel:run_until_complete finished with '0'
[7.464s] DEBUG:colcon.colcon_core.event_reactor:joining thread
[7.502s] INFO:colcon.colcon_core.plugin_system:Skipping extension 'colcon_notification.desktop_notification.terminal_notifier': Not used on non-Darwin systems
[7.504s] INFO:colcon.colcon_core.plugin_system:Skipping extension 'colcon_notification.desktop_notification.win32': Not used on non-Windows systems
[7.504s] INFO:colcon.colcon_notification.desktop_notification:Sending desktop notification using 'notify2'
[8.536s] DEBUG:colcon.colcon_core.event_reactor:joined thread
[8.537s] INFO:colcon.colcon_core.shell:Creating prefix script '/home/sora/bumperbot_ws/install/local_setup.ps1'
[8.542s] INFO:colcon.colcon_core.shell:Creating prefix util module '/home/sora/bumperbot_ws/install/_local_setup_util_ps1.py'
[8.555s] INFO:colcon.colcon_core.shell:Creating prefix chain script '/home/sora/bumperbot_ws/install/setup.ps1'
[8.562s] INFO:colcon.colcon_core.shell:Creating prefix script '/home/sora/bumperbot_ws/install/local_setup.sh'
[8.572s] INFO:colcon.colcon_core.shell:Creating prefix util module '/home/sora/bumperbot_ws/install/_local_setup_util_sh.py'
[8.583s] INFO:colcon.colcon_core.shell:Creating prefix chain script '/home/sora/bumperbot_ws/install/setup.sh'
[8.587s] INFO:colcon.colcon_core.shell:Creating prefix script '/home/sora/bumperbot_ws/install/local_setup.bash'
[8.595s] INFO:colcon.colcon_core.shell:Creating prefix chain script '/home/sora/bumperbot_ws/install/setup.bash'
[8.601s] INFO:colcon.colcon_core.shell:Creating prefix script '/home/sora/bumperbot_ws/install/local_setup.zsh'
[8.607s] INFO:colcon.colcon_core.shell:Creating prefix chain script '/home/sora/bumperbot_ws/install/setup.zsh'
