[0.048s] Invoking command in '/home/sora/bumperbot_ws/build/bumperbot_description': /usr/bin/cmake /home/sora/bumperbot_ws/src/bumperbot_description -DCMAKE_INSTALL_PREFIX=/home/sora/bumperbot_ws/install/bumperbot_description
[0.999s] -- The C compiler identification is GNU 11.4.0
[1.471s] -- The CXX compiler identification is GNU 11.4.0
[1.526s] -- Detecting C compiler ABI info
[2.240s] -- Detecting C compiler ABI info - done
[2.247s] -- Check for working C compiler: /usr/bin/cc - skipped
[2.257s] -- Detecting C compile features
[2.260s] -- Detecting C compile features - done
[2.279s] -- Detecting CXX compiler ABI info
[2.669s] -- Detecting CXX compiler ABI info - done
[2.695s] -- Check for working CXX compiler: /usr/bin/c++ - skipped
[2.696s] -- Detecting CXX compile features
[2.696s] -- Detecting CXX compile features - done
[2.759s] [31mCMake Error at CMakeLists.txt:8 (find_package):
[2.759s]   By not providing "Findament_cmake.cmake" in CMAKE_MODULE_PATH this project
[2.759s]   has asked CMake to find a package configuration file provided by
[2.759s]   "ament_cmake", but CMake did not find one.
[2.759s] 
[2.760s]   Could not find a package configuration file provided by "ament_cmake" with
[2.760s]   any of the following names:
[2.760s] 
[2.760s]     ament_cmakeConfig.cmake
[2.760s]     ament_cmake-config.cmake
[2.760s] 
[2.760s]   Add the installation prefix of "ament_cmake" to CMAKE_PREFIX_PATH or set
[2.760s]   "ament_cmake_DIR" to a directory containing one of the above files.  If
[2.760s]   "ament_cmake" provides a separate development package or SDK, be sure it
[2.760s]   has been installed.
[2.760s] 
[2.760s] [0m
[2.760s] -- Configuring incomplete, errors occurred!
[2.760s] See also "/home/sora/bumperbot_ws/build/bumperbot_description/CMakeFiles/CMakeOutput.log".
[2.783s] Invoked command in '/home/sora/bumperbot_ws/build/bumperbot_description' returned '1': /usr/bin/cmake /home/sora/bumperbot_ws/src/bumperbot_description -DCMAKE_INSTALL_PREFIX=/home/sora/bumperbot_ws/install/bumperbot_description
