[0.076s] Invoking command in '/home/sora/bumperbot_ws/build/bumperbot_description': /usr/bin/cmake --build /home/sora/bumperbot_ws/build/bumperbot_description -- -j1 -l1
[0.379s] Invoked command in '/home/sora/bumperbot_ws/build/bumperbot_description' returned '0': /usr/bin/cmake --build /home/sora/bumperbot_ws/build/bumperbot_description -- -j1 -l1
[0.628s] Invoking command in '/home/sora/bumperbot_ws/build/bumperbot_description': /usr/bin/cmake --install /home/sora/bumperbot_ws/build/bumperbot_description
[0.669s] -- Install configuration: ""
[0.671s] -- Up-to-date: /home/sora/bumperbot_ws/install/bumperbot_description/share/bumperbot_description/meshes
[0.674s] -- Up-to-date: /home/sora/bumperbot_ws/install/bumperbot_description/share/bumperbot_description/meshes/wheel_right_link.STL
[0.680s] -- Up-to-date: /home/sora/bumperbot_ws/install/bumperbot_description/share/bumperbot_description/meshes/caster_rear_link.STL
[0.683s] -- Up-to-date: /home/sora/bumperbot_ws/install/bumperbot_description/share/bumperbot_description/meshes/base_link.stl
[0.683s] -- Up-to-date: /home/sora/bumperbot_ws/install/bumperbot_description/share/bumperbot_description/meshes/caster_front_link.STL
[0.683s] -- Up-to-date: /home/sora/bumperbot_ws/install/bumperbot_description/share/bumperbot_description/meshes/wheel_left_link.STL
[0.688s] -- Up-to-date: /home/sora/bumperbot_ws/install/bumperbot_description/share/bumperbot_description/meshes/imu_link.STL
[0.688s] -- Up-to-date: /home/sora/bumperbot_ws/install/bumperbot_description/share/bumperbot_description/urdf
[0.689s] -- Installing: /home/sora/bumperbot_ws/install/bumperbot_description/share/bumperbot_description/urdf/bumperbot.urdf.xacro
[0.690s] -- Up-to-date: /home/sora/bumperbot_ws/install/bumperbot_description/share/ament_index/resource_index/package_run_dependencies/bumperbot_description
[0.690s] -- Up-to-date: /home/sora/bumperbot_ws/install/bumperbot_description/share/ament_index/resource_index/parent_prefix_path/bumperbot_description
[0.692s] -- Up-to-date: /home/sora/bumperbot_ws/install/bumperbot_description/share/bumperbot_description/environment/ament_prefix_path.sh
[0.692s] -- Up-to-date: /home/sora/bumperbot_ws/install/bumperbot_description/share/bumperbot_description/environment/ament_prefix_path.dsv
[0.692s] -- Up-to-date: /home/sora/bumperbot_ws/install/bumperbot_description/share/bumperbot_description/environment/path.sh
[0.692s] -- Up-to-date: /home/sora/bumperbot_ws/install/bumperbot_description/share/bumperbot_description/environment/path.dsv
[0.692s] -- Up-to-date: /home/sora/bumperbot_ws/install/bumperbot_description/share/bumperbot_description/local_setup.bash
[0.692s] -- Up-to-date: /home/sora/bumperbot_ws/install/bumperbot_description/share/bumperbot_description/local_setup.sh
[0.692s] -- Up-to-date: /home/sora/bumperbot_ws/install/bumperbot_description/share/bumperbot_description/local_setup.zsh
[0.692s] -- Up-to-date: /home/sora/bumperbot_ws/install/bumperbot_description/share/bumperbot_description/local_setup.dsv
[0.692s] -- Installing: /home/sora/bumperbot_ws/install/bumperbot_description/share/bumperbot_description/package.dsv
[0.695s] -- Up-to-date: /home/sora/bumperbot_ws/install/bumperbot_description/share/ament_index/resource_index/packages/bumperbot_description
[0.695s] -- Up-to-date: /home/sora/bumperbot_ws/install/bumperbot_description/share/bumperbot_description/cmake/bumperbot_descriptionConfig.cmake
[0.695s] -- Up-to-date: /home/sora/bumperbot_ws/install/bumperbot_description/share/bumperbot_description/cmake/bumperbot_descriptionConfig-version.cmake
[0.695s] -- Up-to-date: /home/sora/bumperbot_ws/install/bumperbot_description/share/bumperbot_description/package.xml
[0.706s] Invoked command in '/home/sora/bumperbot_ws/build/bumperbot_description' returned '0': /usr/bin/cmake --install /home/sora/bumperbot_ws/build/bumperbot_description
