[0.034s] Invoking command in '/home/sora/bumperbot_ws/build/bumperbot_description': CMAKE_PREFIX_PATH=/opt/ros/humble /usr/bin/cmake /home/sora/bumperbot_ws/src/bumperbot_description -DCMAKE_INSTALL_PREFIX=/home/sora/bumperbot_ws/install/bumperbot_description
[0.123s] -- Found ament_cmake: 1.3.10 (/opt/ros/humble/share/ament_cmake/cmake)
[0.697s] -- Found Python3: /usr/bin/python3 (found version "3.10.12") found components: Interpreter 
[1.054s] -- Found ament_lint_auto: 0.12.11 (/opt/ros/humble/share/ament_lint_auto/cmake)
[1.434s] -- Added test 'lint_cmake' to check CMake code style
[1.442s] -- Added test 'xmllint' to check XML markup files
[1.450s] -- Configuring done
[1.471s] -- Generating done
[1.472s] -- Build files have been written to: /home/sora/bumperbot_ws/build/bumperbot_description
[1.477s] Invoked command in '/home/sora/bumperbot_ws/build/bumperbot_description' returned '0': CMAKE_PREFIX_PATH=/opt/ros/humble /usr/bin/cmake /home/sora/bumperbot_ws/src/bumperbot_description -DCMAKE_INSTALL_PREFIX=/home/sora/bumperbot_ws/install/bumperbot_description
[1.480s] Invoking command in '/home/sora/bumperbot_ws/build/bumperbot_description': CMAKE_PREFIX_PATH=/opt/ros/humble /usr/bin/cmake --build /home/sora/bumperbot_ws/build/bumperbot_description -- -j1 -l1
[1.610s] Invoked command in '/home/sora/bumperbot_ws/build/bumperbot_description' returned '0': CMAKE_PREFIX_PATH=/opt/ros/humble /usr/bin/cmake --build /home/sora/bumperbot_ws/build/bumperbot_description -- -j1 -l1
[1.786s] Invoking command in '/home/sora/bumperbot_ws/build/bumperbot_description': CMAKE_PREFIX_PATH=/opt/ros/humble /usr/bin/cmake --install /home/sora/bumperbot_ws/build/bumperbot_description
[1.823s] -- Install configuration: ""
[1.825s] -- Installing: /home/sora/bumperbot_ws/install/bumperbot_description/share/bumperbot_description/meshes
[1.827s] -- Installing: /home/sora/bumperbot_ws/install/bumperbot_description/share/bumperbot_description/meshes/wheel_right_link.STL
[1.919s] -- Installing: /home/sora/bumperbot_ws/install/bumperbot_description/share/bumperbot_description/meshes/caster_rear_link.STL
[1.924s] -- Installing: /home/sora/bumperbot_ws/install/bumperbot_description/share/bumperbot_description/meshes/caster_front_link.STL
[1.931s] -- Installing: /home/sora/bumperbot_ws/install/bumperbot_description/share/bumperbot_description/meshes/base_link.STL
[2.092s] -- Installing: /home/sora/bumperbot_ws/install/bumperbot_description/share/bumperbot_description/meshes/wheel_left_link.STL
[2.116s] -- Installing: /home/sora/bumperbot_ws/install/bumperbot_description/share/bumperbot_description/meshes/imu_link.STL
[2.144s] -- Installing: /home/sora/bumperbot_ws/install/bumperbot_description/share/bumperbot_description/urdf
[2.144s] -- Installing: /home/sora/bumperbot_ws/install/bumperbot_description/share/bumperbot_description/urdf/bumperbot.urdf.xacro
[2.146s] -- Installing: /home/sora/bumperbot_ws/install/bumperbot_description/share/ament_index/resource_index/package_run_dependencies/bumperbot_description
[2.146s] -- Installing: /home/sora/bumperbot_ws/install/bumperbot_description/share/ament_index/resource_index/parent_prefix_path/bumperbot_description
[2.147s] -- Installing: /home/sora/bumperbot_ws/install/bumperbot_description/share/bumperbot_description/environment/ament_prefix_path.sh
[2.147s] -- Installing: /home/sora/bumperbot_ws/install/bumperbot_description/share/bumperbot_description/environment/ament_prefix_path.dsv
[2.147s] -- Installing: /home/sora/bumperbot_ws/install/bumperbot_description/share/bumperbot_description/environment/path.sh
[2.147s] -- Installing: /home/sora/bumperbot_ws/install/bumperbot_description/share/bumperbot_description/environment/path.dsv
[2.147s] -- Installing: /home/sora/bumperbot_ws/install/bumperbot_description/share/bumperbot_description/local_setup.bash
[2.147s] -- Installing: /home/sora/bumperbot_ws/install/bumperbot_description/share/bumperbot_description/local_setup.sh
[2.147s] -- Installing: /home/sora/bumperbot_ws/install/bumperbot_description/share/bumperbot_description/local_setup.zsh
[2.147s] -- Installing: /home/sora/bumperbot_ws/install/bumperbot_description/share/bumperbot_description/local_setup.dsv
[2.147s] -- Installing: /home/sora/bumperbot_ws/install/bumperbot_description/share/bumperbot_description/package.dsv
[2.147s] -- Installing: /home/sora/bumperbot_ws/install/bumperbot_description/share/ament_index/resource_index/packages/bumperbot_description
[2.147s] -- Installing: /home/sora/bumperbot_ws/install/bumperbot_description/share/bumperbot_description/cmake/bumperbot_descriptionConfig.cmake
[2.148s] -- Installing: /home/sora/bumperbot_ws/install/bumperbot_description/share/bumperbot_description/cmake/bumperbot_descriptionConfig-version.cmake
[2.148s] -- Installing: /home/sora/bumperbot_ws/install/bumperbot_description/share/bumperbot_description/package.xml
[2.148s] Invoked command in '/home/sora/bumperbot_ws/build/bumperbot_description' returned '0': CMAKE_PREFIX_PATH=/opt/ros/humble /usr/bin/cmake --install /home/sora/bumperbot_ws/build/bumperbot_description
