[2.188s] Invoking command in '/home/sora/bumperbot_ws/src/bumperbot_py_examples': PYTHONPATH=/home/sora/bumperbot_ws/src/build/bumperbot_py_examples/prefix_override:/home/sora/.local/lib/python3.10/site-packages/colcon_core/task/python/colcon_distutils_commands:/home/sora/bumperbot_ws/src/install/bumperbot_py_examples/lib/python3.10/site-packages:${PYTHONPATH} /usr/bin/python3 -W ignore:setup.py install is deprecated setup.py egg_info --egg-base ../build/bumperbot_py_examples build --build-base /home/sora/bumperbot_ws/src/build/bumperbot_py_examples/build install --record /home/sora/bumperbot_ws/src/build/bumperbot_py_examples/install.log --single-version-externally-managed install_data
[2.605s] running egg_info
[2.606s] creating ../build/bumperbot_py_examples/bumperbot_py_examples.egg-info
[2.607s] writing ../build/bumperbot_py_examples/bumperbot_py_examples.egg-info/PKG-INFO
[2.608s] writing dependency_links to ../build/bumperbot_py_examples/bumperbot_py_examples.egg-info/dependency_links.txt
[2.609s] writing entry points to ../build/bumperbot_py_examples/bumperbot_py_examples.egg-info/entry_points.txt
[2.609s] writing requirements to ../build/bumperbot_py_examples/bumperbot_py_examples.egg-info/requires.txt
[2.610s] writing top-level names to ../build/bumperbot_py_examples/bumperbot_py_examples.egg-info/top_level.txt
[2.610s] writing manifest file '../build/bumperbot_py_examples/bumperbot_py_examples.egg-info/SOURCES.txt'
[2.615s] reading manifest file '../build/bumperbot_py_examples/bumperbot_py_examples.egg-info/SOURCES.txt'
[2.616s] writing manifest file '../build/bumperbot_py_examples/bumperbot_py_examples.egg-info/SOURCES.txt'
[2.623s] running build
[2.623s] running build_py
[2.623s] creating /home/sora/bumperbot_ws/src/build/bumperbot_py_examples/build
[2.623s] creating /home/sora/bumperbot_ws/src/build/bumperbot_py_examples/build/lib
[2.623s] creating /home/sora/bumperbot_ws/src/build/bumperbot_py_examples/build/lib/bumperbot_py_examples
[2.623s] copying bumperbot_py_examples/simple_publisher.py -> /home/sora/bumperbot_ws/src/build/bumperbot_py_examples/build/lib/bumperbot_py_examples
[2.625s] copying bumperbot_py_examples/__init__.py -> /home/sora/bumperbot_ws/src/build/bumperbot_py_examples/build/lib/bumperbot_py_examples
[2.625s] copying bumperbot_py_examples/simple_subscriber.py -> /home/sora/bumperbot_ws/src/build/bumperbot_py_examples/build/lib/bumperbot_py_examples
[2.674s] running install
[2.675s] running install_lib
[2.675s] creating /home/sora/bumperbot_ws/src/install/bumperbot_py_examples/lib/python3.10/site-packages/bumperbot_py_examples
[2.675s] copying /home/sora/bumperbot_ws/src/build/bumperbot_py_examples/build/lib/bumperbot_py_examples/simple_publisher.py -> /home/sora/bumperbot_ws/src/install/bumperbot_py_examples/lib/python3.10/site-packages/bumperbot_py_examples
[2.675s] copying /home/sora/bumperbot_ws/src/build/bumperbot_py_examples/build/lib/bumperbot_py_examples/__init__.py -> /home/sora/bumperbot_ws/src/install/bumperbot_py_examples/lib/python3.10/site-packages/bumperbot_py_examples
[2.675s] copying /home/sora/bumperbot_ws/src/build/bumperbot_py_examples/build/lib/bumperbot_py_examples/simple_subscriber.py -> /home/sora/bumperbot_ws/src/install/bumperbot_py_examples/lib/python3.10/site-packages/bumperbot_py_examples
[2.675s] byte-compiling /home/sora/bumperbot_ws/src/install/bumperbot_py_examples/lib/python3.10/site-packages/bumperbot_py_examples/simple_publisher.py to simple_publisher.cpython-310.pyc
[2.675s] byte-compiling /home/sora/bumperbot_ws/src/install/bumperbot_py_examples/lib/python3.10/site-packages/bumperbot_py_examples/__init__.py to __init__.cpython-310.pyc
[2.675s] byte-compiling /home/sora/bumperbot_ws/src/install/bumperbot_py_examples/lib/python3.10/site-packages/bumperbot_py_examples/simple_subscriber.py to simple_subscriber.cpython-310.pyc
[2.675s] running install_data
[2.675s] creating /home/sora/bumperbot_ws/src/install/bumperbot_py_examples/share/ament_index
[2.675s] creating /home/sora/bumperbot_ws/src/install/bumperbot_py_examples/share/ament_index/resource_index
[2.675s] creating /home/sora/bumperbot_ws/src/install/bumperbot_py_examples/share/ament_index/resource_index/packages
[2.675s] copying resource/bumperbot_py_examples -> /home/sora/bumperbot_ws/src/install/bumperbot_py_examples/share/ament_index/resource_index/packages
[2.675s] copying package.xml -> /home/sora/bumperbot_ws/src/install/bumperbot_py_examples/share/bumperbot_py_examples
[2.675s] running install_egg_info
[2.675s] Copying ../build/bumperbot_py_examples/bumperbot_py_examples.egg-info to /home/sora/bumperbot_ws/src/install/bumperbot_py_examples/lib/python3.10/site-packages/bumperbot_py_examples-0.0.0-py3.10.egg-info
[2.675s] running install_scripts
[2.694s] Installing simple_publisher script to /home/sora/bumperbot_ws/src/install/bumperbot_py_examples/lib/bumperbot_py_examples
[2.694s] Installing simple_subscriber script to /home/sora/bumperbot_ws/src/install/bumperbot_py_examples/lib/bumperbot_py_examples
[2.694s] writing list of installed files to '/home/sora/bumperbot_ws/src/build/bumperbot_py_examples/install.log'
[2.751s] Invoked command in '/home/sora/bumperbot_ws/src/bumperbot_py_examples' returned '0': PYTHONPATH=/home/sora/bumperbot_ws/src/build/bumperbot_py_examples/prefix_override:/home/sora/.local/lib/python3.10/site-packages/colcon_core/task/python/colcon_distutils_commands:/home/sora/bumperbot_ws/src/install/bumperbot_py_examples/lib/python3.10/site-packages:${PYTHONPATH} /usr/bin/python3 -W ignore:setup.py install is deprecated setup.py egg_info --egg-base ../build/bumperbot_py_examples build --build-base /home/sora/bumperbot_ws/src/build/bumperbot_py_examples/build install --record /home/sora/bumperbot_ws/src/build/bumperbot_py_examples/install.log --single-version-externally-managed install_data
