[0.029s] Invoking command in '/home/sora/bumperbot_ws/build/bumperbot_description': CMAKE_PREFIX_PATH=${CMAKE_PREFIX_PATH}:/home/sora/bumperbot_ws/install/bumperbot_py_examples:/opt/ros/humble /usr/bin/cmake --build /home/sora/bumperbot_ws/build/bumperbot_description -- -j1 -l1
[0.153s] -- Found ament_cmake: 1.3.10 (/opt/ros/humble/share/ament_cmake/cmake)
[0.441s] -- Found ament_lint_auto: 0.12.11 (/opt/ros/humble/share/ament_lint_auto/cmake)
[0.616s] -- Added test 'flake8' to check Python code syntax and style conventions
[0.619s] -- Added test 'lint_cmake' to check CMake code style
[0.623s] -- Added test 'pep257' to check Python code against some of the docstring style conventions in PEP 257
[0.631s] -- Added test 'xmllint' to check XML markup files
[0.637s] -- Configuring done
[0.664s] -- Generating done
[0.683s] -- Build files have been written to: /home/sora/bumperbot_ws/build/bumperbot_description
[0.733s] Invoked command in '/home/sora/bumperbot_ws/build/bumperbot_description' returned '0': CMAKE_PREFIX_PATH=${CMAKE_PREFIX_PATH}:/home/sora/bumperbot_ws/install/bumperbot_py_examples:/opt/ros/humble /usr/bin/cmake --build /home/sora/bumperbot_ws/build/bumperbot_description -- -j1 -l1
[0.839s] Invoking command in '/home/sora/bumperbot_ws/build/bumperbot_description': CMAKE_PREFIX_PATH=${CMAKE_PREFIX_PATH}:/home/sora/bumperbot_ws/install/bumperbot_py_examples:/opt/ros/humble /usr/bin/cmake --install /home/sora/bumperbot_ws/build/bumperbot_description
[0.862s] -- Install configuration: ""
[0.870s] -- Up-to-date: /home/sora/bumperbot_ws/install/bumperbot_description/share/bumperbot_description/meshes
[0.870s] -- Up-to-date: /home/sora/bumperbot_ws/install/bumperbot_description/share/bumperbot_description/meshes/base_link.stl
[0.870s] -- Up-to-date: /home/sora/bumperbot_ws/install/bumperbot_description/share/bumperbot_description/meshes/wheel_right_link.stl
[0.872s] -- Up-to-date: /home/sora/bumperbot_ws/install/bumperbot_description/share/bumperbot_description/meshes/caster_rear_link.stl
[0.873s] -- Up-to-date: /home/sora/bumperbot_ws/install/bumperbot_description/share/bumperbot_description/meshes/wheel_left_link.STL
[0.873s] -- Up-to-date: /home/sora/bumperbot_ws/install/bumperbot_description/share/bumperbot_description/meshes/caster_front_link.stl
[0.873s] -- Up-to-date: /home/sora/bumperbot_ws/install/bumperbot_description/share/bumperbot_description/meshes/imu_link.STL
[0.873s] -- Up-to-date: /home/sora/bumperbot_ws/install/bumperbot_description/share/bumperbot_description/urdf
[0.876s] -- Up-to-date: /home/sora/bumperbot_ws/install/bumperbot_description/share/bumperbot_description/urdf/bumperbot.urdf.xacro
[0.876s] -- Installing: /home/sora/bumperbot_ws/install/bumperbot_description/share/bumperbot_description/launch
[0.876s] -- Installing: /home/sora/bumperbot_ws/install/bumperbot_description/share/bumperbot_description/launch/display.launch.py
[0.877s] -- Installing: /home/sora/bumperbot_ws/install/bumperbot_description/share/bumperbot_description/rviz
[0.877s] -- Installing: /home/sora/bumperbot_ws/install/bumperbot_description/share/bumperbot_description/rviz/display.rviz
[0.877s] -- Installing: /home/sora/bumperbot_ws/install/bumperbot_description/share/ament_index/resource_index/package_run_dependencies/bumperbot_description
[0.877s] -- Installing: /home/sora/bumperbot_ws/install/bumperbot_description/share/ament_index/resource_index/parent_prefix_path/bumperbot_description
[0.877s] -- Up-to-date: /home/sora/bumperbot_ws/install/bumperbot_description/share/bumperbot_description/environment/ament_prefix_path.sh
[0.878s] -- Installing: /home/sora/bumperbot_ws/install/bumperbot_description/share/bumperbot_description/environment/ament_prefix_path.dsv
[0.879s] -- Up-to-date: /home/sora/bumperbot_ws/install/bumperbot_description/share/bumperbot_description/environment/path.sh
[0.879s] -- Installing: /home/sora/bumperbot_ws/install/bumperbot_description/share/bumperbot_description/environment/path.dsv
[0.881s] -- Up-to-date: /home/sora/bumperbot_ws/install/bumperbot_description/share/bumperbot_description/local_setup.bash
[0.883s] -- Up-to-date: /home/sora/bumperbot_ws/install/bumperbot_description/share/bumperbot_description/local_setup.sh
[0.883s] -- Up-to-date: /home/sora/bumperbot_ws/install/bumperbot_description/share/bumperbot_description/local_setup.zsh
[0.883s] -- Installing: /home/sora/bumperbot_ws/install/bumperbot_description/share/bumperbot_description/local_setup.dsv
[0.883s] -- Installing: /home/sora/bumperbot_ws/install/bumperbot_description/share/bumperbot_description/package.dsv
[0.883s] -- Up-to-date: /home/sora/bumperbot_ws/install/bumperbot_description/share/ament_index/resource_index/packages/bumperbot_description
[0.884s] -- Up-to-date: /home/sora/bumperbot_ws/install/bumperbot_description/share/bumperbot_description/cmake/bumperbot_descriptionConfig.cmake
[0.884s] -- Up-to-date: /home/sora/bumperbot_ws/install/bumperbot_description/share/bumperbot_description/cmake/bumperbot_descriptionConfig-version.cmake
[0.884s] -- Installing: /home/sora/bumperbot_ws/install/bumperbot_description/share/bumperbot_description/package.xml
[0.901s] Invoked command in '/home/sora/bumperbot_ws/build/bumperbot_description' returned '0': CMAKE_PREFIX_PATH=${CMAKE_PREFIX_PATH}:/home/sora/bumperbot_ws/install/bumperbot_py_examples:/opt/ros/humble /usr/bin/cmake --install /home/sora/bumperbot_ws/build/bumperbot_description
