[1.129s] DEBUG:colcon:Command line arguments: ['/home/sora/.local/bin/colcon', 'build']
[1.129s] DEBUG:colcon:Parsed command line arguments: Namespace(log_base=None, log_level=None, verb_name='build', build_base='build', install_base='install', merge_install=False, symlink_install=False, test_result_base=None, continue_on_error=False, executor='parallel', parallel_workers=1, event_handlers=None, ignore_user_meta=False, metas=['./colcon.meta'], base_paths=['.'], packages_ignore=None, packages_ignore_regex=None, paths=None, packages_up_to=None, packages_up_to_regex=None, packages_above=None, packages_above_and_dependencies=None, packages_above_depth=None, packages_select_by_dep=None, packages_skip_by_dep=None, packages_skip_up_to=None, packages_select_build_failed=False, packages_skip_build_finished=False, packages_select_test_failures=False, packages_skip_test_passed=False, packages_select=None, packages_skip=None, packages_select_regex=None, packages_skip_regex=None, packages_start=None, packages_end=None, allow_overriding=[], cmake_args=None, cmake_target=None, cmake_target_skip_unavailable=False, cmake_clean_cache=False, cmake_clean_first=False, cmake_force_configure=False, ament_cmake_args=None, catkin_cmake_args=None, catkin_skip_building_tests=False, verb_parser=<colcon_defaults.argument_parser.defaults.DefaultArgumentsDecorator object at 0x725950fda320>, verb_extension=<colcon_core.verb.build.BuildVerb object at 0x725950fd9ed0>, main=<bound method BuildVerb.main of <colcon_core.verb.build.BuildVerb object at 0x725950fd9ed0>>)
[1.591s] Level 1:colcon.colcon_core.package_discovery:discover_packages(colcon_meta) check parameters
[1.591s] Level 1:colcon.colcon_core.package_discovery:discover_packages(recursive) check parameters
[1.592s] Level 1:colcon.colcon_core.package_discovery:discover_packages(ignore) check parameters
[1.592s] Level 1:colcon.colcon_core.package_discovery:discover_packages(path) check parameters
[1.592s] Level 1:colcon.colcon_core.package_discovery:discover_packages(colcon_meta) discover
[1.592s] Level 1:colcon.colcon_core.package_discovery:discover_packages(recursive) discover
[1.592s] INFO:colcon.colcon_core.package_discovery:Crawling recursively for packages in '/home/sora/bumperbot_ws'
[1.593s] Level 1:colcon.colcon_core.package_identification:_identify(.) by extensions ['ignore', 'ignore_ament_install']
[1.593s] Level 1:colcon.colcon_core.package_identification:_identify(.) by extension 'ignore'
[1.593s] Level 1:colcon.colcon_core.package_identification:_identify(.) by extension 'ignore_ament_install'
[1.593s] Level 1:colcon.colcon_core.package_identification:_identify(.) by extensions ['colcon_pkg']
[1.593s] Level 1:colcon.colcon_core.package_identification:_identify(.) by extension 'colcon_pkg'
[1.593s] Level 1:colcon.colcon_core.package_identification:_identify(.) by extensions ['colcon_meta']
[1.593s] Level 1:colcon.colcon_core.package_identification:_identify(.) by extension 'colcon_meta'
[1.593s] Level 1:colcon.colcon_core.package_identification:_identify(.) by extensions ['ros']
[1.593s] Level 1:colcon.colcon_core.package_identification:_identify(.) by extension 'ros'
[1.611s] Level 1:colcon.colcon_core.package_identification:_identify(.) by extensions ['cmake', 'python']
[1.612s] Level 1:colcon.colcon_core.package_identification:_identify(.) by extension 'cmake'
[1.612s] Level 1:colcon.colcon_core.package_identification:_identify(.) by extension 'python'
[1.612s] Level 1:colcon.colcon_core.package_identification:_identify(.) by extensions ['python_setup_py']
[1.613s] Level 1:colcon.colcon_core.package_identification:_identify(.) by extension 'python_setup_py'
[1.613s] Level 1:colcon.colcon_core.package_identification:_identify(build) by extensions ['ignore', 'ignore_ament_install']
[1.613s] Level 1:colcon.colcon_core.package_identification:_identify(build) by extension 'ignore'
[1.613s] Level 1:colcon.colcon_core.package_identification:_identify(build) ignored
[1.614s] Level 1:colcon.colcon_core.package_identification:_identify(install) by extensions ['ignore', 'ignore_ament_install']
[1.614s] Level 1:colcon.colcon_core.package_identification:_identify(install) by extension 'ignore'
[1.614s] Level 1:colcon.colcon_core.package_identification:_identify(install) ignored
[1.615s] Level 1:colcon.colcon_core.package_identification:_identify(log) by extensions ['ignore', 'ignore_ament_install']
[1.615s] Level 1:colcon.colcon_core.package_identification:_identify(log) by extension 'ignore'
[1.615s] Level 1:colcon.colcon_core.package_identification:_identify(log) ignored
[1.615s] Level 1:colcon.colcon_core.package_identification:_identify(src) by extensions ['ignore', 'ignore_ament_install']
[1.616s] Level 1:colcon.colcon_core.package_identification:_identify(src) by extension 'ignore'
[1.616s] Level 1:colcon.colcon_core.package_identification:_identify(src) by extension 'ignore_ament_install'
[1.616s] Level 1:colcon.colcon_core.package_identification:_identify(src) by extensions ['colcon_pkg']
[1.616s] Level 1:colcon.colcon_core.package_identification:_identify(src) by extension 'colcon_pkg'
[1.616s] Level 1:colcon.colcon_core.package_identification:_identify(src) by extensions ['colcon_meta']
[1.616s] Level 1:colcon.colcon_core.package_identification:_identify(src) by extension 'colcon_meta'
[1.616s] Level 1:colcon.colcon_core.package_identification:_identify(src) by extensions ['ros']
[1.617s] Level 1:colcon.colcon_core.package_identification:_identify(src) by extension 'ros'
[1.617s] Level 1:colcon.colcon_core.package_identification:_identify(src) by extensions ['cmake', 'python']
[1.617s] Level 1:colcon.colcon_core.package_identification:_identify(src) by extension 'cmake'
[1.617s] Level 1:colcon.colcon_core.package_identification:_identify(src) by extension 'python'
[1.617s] Level 1:colcon.colcon_core.package_identification:_identify(src) by extensions ['python_setup_py']
[1.617s] Level 1:colcon.colcon_core.package_identification:_identify(src) by extension 'python_setup_py'
[1.617s] Level 1:colcon.colcon_core.package_identification:_identify(src/build) by extensions ['ignore', 'ignore_ament_install']
[1.617s] Level 1:colcon.colcon_core.package_identification:_identify(src/build) by extension 'ignore'
[1.617s] Level 1:colcon.colcon_core.package_identification:_identify(src/build) ignored
[1.617s] Level 1:colcon.colcon_core.package_identification:_identify(src/bumperbot_description) by extensions ['ignore', 'ignore_ament_install']
[1.617s] Level 1:colcon.colcon_core.package_identification:_identify(src/bumperbot_description) by extension 'ignore'
[1.617s] Level 1:colcon.colcon_core.package_identification:_identify(src/bumperbot_description) by extension 'ignore_ament_install'
[1.618s] Level 1:colcon.colcon_core.package_identification:_identify(src/bumperbot_description) by extensions ['colcon_pkg']
[1.618s] Level 1:colcon.colcon_core.package_identification:_identify(src/bumperbot_description) by extension 'colcon_pkg'
[1.618s] Level 1:colcon.colcon_core.package_identification:_identify(src/bumperbot_description) by extensions ['colcon_meta']
[1.618s] Level 1:colcon.colcon_core.package_identification:_identify(src/bumperbot_description) by extension 'colcon_meta'
[1.618s] Level 1:colcon.colcon_core.package_identification:_identify(src/bumperbot_description) by extensions ['ros']
[1.618s] Level 1:colcon.colcon_core.package_identification:_identify(src/bumperbot_description) by extension 'ros'
[1.621s] DEBUG:colcon.colcon_core.package_identification:Package 'src/bumperbot_description' with type 'ros.ament_cmake' and name 'bumperbot_description'
[1.621s] Level 1:colcon.colcon_core.package_identification:_identify(src/bumperbot_py_examples) by extensions ['ignore', 'ignore_ament_install']
[1.622s] Level 1:colcon.colcon_core.package_identification:_identify(src/bumperbot_py_examples) by extension 'ignore'
[1.622s] Level 1:colcon.colcon_core.package_identification:_identify(src/bumperbot_py_examples) by extension 'ignore_ament_install'
[1.622s] Level 1:colcon.colcon_core.package_identification:_identify(src/bumperbot_py_examples) by extensions ['colcon_pkg']
[1.622s] Level 1:colcon.colcon_core.package_identification:_identify(src/bumperbot_py_examples) by extension 'colcon_pkg'
[1.622s] Level 1:colcon.colcon_core.package_identification:_identify(src/bumperbot_py_examples) by extensions ['colcon_meta']
[1.622s] Level 1:colcon.colcon_core.package_identification:_identify(src/bumperbot_py_examples) by extension 'colcon_meta'
[1.622s] Level 1:colcon.colcon_core.package_identification:_identify(src/bumperbot_py_examples) by extensions ['ros']
[1.622s] Level 1:colcon.colcon_core.package_identification:_identify(src/bumperbot_py_examples) by extension 'ros'
[1.623s] DEBUG:colcon.colcon_core.package_identification:Package 'src/bumperbot_py_examples' with type 'ros.ament_python' and name 'bumperbot_py_examples'
[1.623s] Level 1:colcon.colcon_core.package_identification:_identify(src/install) by extensions ['ignore', 'ignore_ament_install']
[1.624s] Level 1:colcon.colcon_core.package_identification:_identify(src/install) by extension 'ignore'
[1.624s] Level 1:colcon.colcon_core.package_identification:_identify(src/install) ignored
[1.624s] Level 1:colcon.colcon_core.package_identification:_identify(src/log) by extensions ['ignore', 'ignore_ament_install']
[1.624s] Level 1:colcon.colcon_core.package_identification:_identify(src/log) by extension 'ignore'
[1.624s] Level 1:colcon.colcon_core.package_identification:_identify(src/log) ignored
[1.624s] Level 1:colcon.colcon_core.package_discovery:discover_packages(recursive) using defaults
[1.624s] Level 1:colcon.colcon_core.package_discovery:discover_packages(ignore) discover
[1.624s] Level 1:colcon.colcon_core.package_discovery:discover_packages(ignore) using defaults
[1.624s] Level 1:colcon.colcon_core.package_discovery:discover_packages(path) discover
[1.624s] Level 1:colcon.colcon_core.package_discovery:discover_packages(path) using defaults
[1.654s] Level 1:colcon.colcon_core.package_discovery:discover_packages(prefix_path) check parameters
[1.654s] Level 1:colcon.colcon_core.package_discovery:discover_packages(prefix_path) discover
[1.732s] DEBUG:colcon.colcon_installed_package_information.package_discovery:Found 327 installed packages in /opt/ros/humble
[1.734s] Level 1:colcon.colcon_core.package_discovery:discover_packages(prefix_path) using defaults
[1.827s] Level 5:colcon.colcon_core.verb:set package 'bumperbot_description' build argument 'cmake_args' from command line to 'None'
[1.828s] Level 5:colcon.colcon_core.verb:set package 'bumperbot_description' build argument 'cmake_target' from command line to 'None'
[1.828s] Level 5:colcon.colcon_core.verb:set package 'bumperbot_description' build argument 'cmake_target_skip_unavailable' from command line to 'False'
[1.828s] Level 5:colcon.colcon_core.verb:set package 'bumperbot_description' build argument 'cmake_clean_cache' from command line to 'False'
[1.828s] Level 5:colcon.colcon_core.verb:set package 'bumperbot_description' build argument 'cmake_clean_first' from command line to 'False'
[1.829s] Level 5:colcon.colcon_core.verb:set package 'bumperbot_description' build argument 'cmake_force_configure' from command line to 'False'
[1.829s] Level 5:colcon.colcon_core.verb:set package 'bumperbot_description' build argument 'ament_cmake_args' from command line to 'None'
[1.829s] Level 5:colcon.colcon_core.verb:set package 'bumperbot_description' build argument 'catkin_cmake_args' from command line to 'None'
[1.829s] Level 5:colcon.colcon_core.verb:set package 'bumperbot_description' build argument 'catkin_skip_building_tests' from command line to 'False'
[1.829s] DEBUG:colcon.colcon_core.verb:Building package 'bumperbot_description' with the following arguments: {'ament_cmake_args': None, 'build_base': '/home/sora/bumperbot_ws/build/bumperbot_description', 'catkin_cmake_args': None, 'catkin_skip_building_tests': False, 'cmake_args': None, 'cmake_clean_cache': False, 'cmake_clean_first': False, 'cmake_force_configure': False, 'cmake_target': None, 'cmake_target_skip_unavailable': False, 'install_base': '/home/sora/bumperbot_ws/install/bumperbot_description', 'merge_install': False, 'path': '/home/sora/bumperbot_ws/src/bumperbot_description', 'symlink_install': False, 'test_result_base': None}
[1.830s] Level 5:colcon.colcon_core.verb:set package 'bumperbot_py_examples' build argument 'cmake_args' from command line to 'None'
[1.830s] Level 5:colcon.colcon_core.verb:set package 'bumperbot_py_examples' build argument 'cmake_target' from command line to 'None'
[1.830s] Level 5:colcon.colcon_core.verb:set package 'bumperbot_py_examples' build argument 'cmake_target_skip_unavailable' from command line to 'False'
[1.830s] Level 5:colcon.colcon_core.verb:set package 'bumperbot_py_examples' build argument 'cmake_clean_cache' from command line to 'False'
[1.830s] Level 5:colcon.colcon_core.verb:set package 'bumperbot_py_examples' build argument 'cmake_clean_first' from command line to 'False'
[1.830s] Level 5:colcon.colcon_core.verb:set package 'bumperbot_py_examples' build argument 'cmake_force_configure' from command line to 'False'
[1.830s] Level 5:colcon.colcon_core.verb:set package 'bumperbot_py_examples' build argument 'ament_cmake_args' from command line to 'None'
[1.830s] Level 5:colcon.colcon_core.verb:set package 'bumperbot_py_examples' build argument 'catkin_cmake_args' from command line to 'None'
[1.830s] Level 5:colcon.colcon_core.verb:set package 'bumperbot_py_examples' build argument 'catkin_skip_building_tests' from command line to 'False'
[1.830s] DEBUG:colcon.colcon_core.verb:Building package 'bumperbot_py_examples' with the following arguments: {'ament_cmake_args': None, 'build_base': '/home/sora/bumperbot_ws/build/bumperbot_py_examples', 'catkin_cmake_args': None, 'catkin_skip_building_tests': False, 'cmake_args': None, 'cmake_clean_cache': False, 'cmake_clean_first': False, 'cmake_force_configure': False, 'cmake_target': None, 'cmake_target_skip_unavailable': False, 'install_base': '/home/sora/bumperbot_ws/install/bumperbot_py_examples', 'merge_install': False, 'path': '/home/sora/bumperbot_ws/src/bumperbot_py_examples', 'symlink_install': False, 'test_result_base': None}
[1.830s] INFO:colcon.colcon_core.executor:Executing jobs using 'parallel' executor
[1.832s] DEBUG:colcon.colcon_parallel_executor.executor.parallel:run_until_complete
[1.834s] INFO:colcon.colcon_ros.task.ament_cmake.build:Building ROS package in '/home/sora/bumperbot_ws/src/bumperbot_description' with build type 'ament_cmake'
[1.835s] INFO:colcon.colcon_cmake.task.cmake.build:Building CMake package in '/home/sora/bumperbot_ws/src/bumperbot_description'
[1.837s] INFO:colcon.colcon_core.plugin_system:Skipping extension 'colcon_core.shell.bat': Not used on non-Windows systems
[1.837s] INFO:colcon.colcon_core.shell:Skip shell extension 'powershell' for command environment: Not usable outside of PowerShell
[1.837s] DEBUG:colcon.colcon_core.shell:Skip shell extension 'dsv' for command environment
[1.876s] DEBUG:colcon.colcon_core.event_handler.log_command:Invoking command in '/home/sora/bumperbot_ws/build/bumperbot_description': CMAKE_PREFIX_PATH=/opt/ros/humble /usr/bin/cmake /home/sora/bumperbot_ws/src/bumperbot_description -DCMAKE_INSTALL_PREFIX=/home/sora/bumperbot_ws/install/bumperbot_description
[3.320s] DEBUG:colcon.colcon_core.event_handler.log_command:Invoked command in '/home/sora/bumperbot_ws/build/bumperbot_description' returned '0': CMAKE_PREFIX_PATH=/opt/ros/humble /usr/bin/cmake /home/sora/bumperbot_ws/src/bumperbot_description -DCMAKE_INSTALL_PREFIX=/home/sora/bumperbot_ws/install/bumperbot_description
[3.322s] DEBUG:colcon.colcon_core.event_handler.log_command:Invoking command in '/home/sora/bumperbot_ws/build/bumperbot_description': CMAKE_PREFIX_PATH=/opt/ros/humble /usr/bin/cmake --build /home/sora/bumperbot_ws/build/bumperbot_description -- -j1 -l1
[3.452s] DEBUG:colcon.colcon_core.event_handler.log_command:Invoked command in '/home/sora/bumperbot_ws/build/bumperbot_description' returned '0': CMAKE_PREFIX_PATH=/opt/ros/humble /usr/bin/cmake --build /home/sora/bumperbot_ws/build/bumperbot_description -- -j1 -l1
[3.628s] DEBUG:colcon.colcon_core.event_handler.log_command:Invoking command in '/home/sora/bumperbot_ws/build/bumperbot_description': CMAKE_PREFIX_PATH=/opt/ros/humble /usr/bin/cmake --install /home/sora/bumperbot_ws/build/bumperbot_description
[3.978s] Level 1:colcon.colcon_core.environment:create_environment_scripts_only(bumperbot_description)
[3.981s] Level 1:colcon.colcon_core.environment:checking '/home/sora/bumperbot_ws/install/bumperbot_description' for CMake module files
[3.982s] Level 1:colcon.colcon_core.environment:checking '/home/sora/bumperbot_ws/install/bumperbot_description' for CMake config files
[3.982s] Level 1:colcon.colcon_core.shell:create_environment_hook('bumperbot_description', 'cmake_prefix_path')
[3.982s] INFO:colcon.colcon_core.shell:Creating environment hook '/home/sora/bumperbot_ws/install/bumperbot_description/share/bumperbot_description/hook/cmake_prefix_path.ps1'
[3.990s] DEBUG:colcon.colcon_core.event_handler.log_command:Invoked command in '/home/sora/bumperbot_ws/build/bumperbot_description' returned '0': CMAKE_PREFIX_PATH=/opt/ros/humble /usr/bin/cmake --install /home/sora/bumperbot_ws/build/bumperbot_description
[3.998s] INFO:colcon.colcon_core.shell:Creating environment descriptor '/home/sora/bumperbot_ws/install/bumperbot_description/share/bumperbot_description/hook/cmake_prefix_path.dsv'
[4.001s] INFO:colcon.colcon_core.shell:Creating environment hook '/home/sora/bumperbot_ws/install/bumperbot_description/share/bumperbot_description/hook/cmake_prefix_path.sh'
[4.004s] Level 1:colcon.colcon_core.environment:checking '/home/sora/bumperbot_ws/install/bumperbot_description/bin'
[4.005s] Level 1:colcon.colcon_core.environment:checking '/home/sora/bumperbot_ws/install/bumperbot_description/lib/pkgconfig/bumperbot_description.pc'
[4.005s] Level 1:colcon.colcon_core.environment:checking '/home/sora/bumperbot_ws/install/bumperbot_description/lib/python3.10/site-packages'
[4.005s] Level 1:colcon.colcon_core.environment:checking '/home/sora/bumperbot_ws/install/bumperbot_description/bin'
[4.006s] INFO:colcon.colcon_core.shell:Creating package script '/home/sora/bumperbot_ws/install/bumperbot_description/share/bumperbot_description/package.ps1'
[4.018s] INFO:colcon.colcon_core.shell:Creating package descriptor '/home/sora/bumperbot_ws/install/bumperbot_description/share/bumperbot_description/package.dsv'
[4.027s] INFO:colcon.colcon_core.shell:Creating package script '/home/sora/bumperbot_ws/install/bumperbot_description/share/bumperbot_description/package.sh'
[4.030s] INFO:colcon.colcon_core.shell:Creating package script '/home/sora/bumperbot_ws/install/bumperbot_description/share/bumperbot_description/package.bash'
[4.040s] INFO:colcon.colcon_core.shell:Creating package script '/home/sora/bumperbot_ws/install/bumperbot_description/share/bumperbot_description/package.zsh'
[4.043s] Level 1:colcon.colcon_core.environment:create_file_with_runtime_dependencies(/home/sora/bumperbot_ws/install/bumperbot_description/share/colcon-core/packages/bumperbot_description)
[4.313s] Level 1:colcon.colcon_core.environment:create_environment_scripts_only(bumperbot_description)
[4.314s] Level 1:colcon.colcon_core.environment:checking '/home/sora/bumperbot_ws/install/bumperbot_description' for CMake module files
[4.314s] Level 1:colcon.colcon_core.environment:checking '/home/sora/bumperbot_ws/install/bumperbot_description' for CMake config files
[4.315s] Level 1:colcon.colcon_core.shell:create_environment_hook('bumperbot_description', 'cmake_prefix_path')
[4.315s] INFO:colcon.colcon_core.shell:Creating environment hook '/home/sora/bumperbot_ws/install/bumperbot_description/share/bumperbot_description/hook/cmake_prefix_path.ps1'
[4.317s] INFO:colcon.colcon_core.shell:Creating environment descriptor '/home/sora/bumperbot_ws/install/bumperbot_description/share/bumperbot_description/hook/cmake_prefix_path.dsv'
[4.318s] INFO:colcon.colcon_core.shell:Creating environment hook '/home/sora/bumperbot_ws/install/bumperbot_description/share/bumperbot_description/hook/cmake_prefix_path.sh'
[4.320s] Level 1:colcon.colcon_core.environment:checking '/home/sora/bumperbot_ws/install/bumperbot_description/bin'
[4.320s] Level 1:colcon.colcon_core.environment:checking '/home/sora/bumperbot_ws/install/bumperbot_description/lib/pkgconfig/bumperbot_description.pc'
[4.321s] Level 1:colcon.colcon_core.environment:checking '/home/sora/bumperbot_ws/install/bumperbot_description/lib/python3.10/site-packages'
[4.321s] Level 1:colcon.colcon_core.environment:checking '/home/sora/bumperbot_ws/install/bumperbot_description/bin'
[4.322s] INFO:colcon.colcon_core.shell:Creating package script '/home/sora/bumperbot_ws/install/bumperbot_description/share/bumperbot_description/package.ps1'
[4.327s] INFO:colcon.colcon_core.shell:Creating package descriptor '/home/sora/bumperbot_ws/install/bumperbot_description/share/bumperbot_description/package.dsv'
[4.328s] INFO:colcon.colcon_core.shell:Creating package script '/home/sora/bumperbot_ws/install/bumperbot_description/share/bumperbot_description/package.sh'
[4.330s] INFO:colcon.colcon_core.shell:Creating package script '/home/sora/bumperbot_ws/install/bumperbot_description/share/bumperbot_description/package.bash'
[4.331s] INFO:colcon.colcon_core.shell:Creating package script '/home/sora/bumperbot_ws/install/bumperbot_description/share/bumperbot_description/package.zsh'
[4.334s] Level 1:colcon.colcon_core.environment:create_file_with_runtime_dependencies(/home/sora/bumperbot_ws/install/bumperbot_description/share/colcon-core/packages/bumperbot_description)
[4.336s] INFO:colcon.colcon_ros.task.ament_python.build:Building ROS package in '/home/sora/bumperbot_ws/src/bumperbot_py_examples' with build type 'ament_python'
[4.337s] Level 1:colcon.colcon_core.shell:create_environment_hook('bumperbot_py_examples', 'ament_prefix_path')
[4.337s] INFO:colcon.colcon_core.shell:Creating environment hook '/home/sora/bumperbot_ws/install/bumperbot_py_examples/share/bumperbot_py_examples/hook/ament_prefix_path.ps1'
[4.339s] INFO:colcon.colcon_core.shell:Creating environment descriptor '/home/sora/bumperbot_ws/install/bumperbot_py_examples/share/bumperbot_py_examples/hook/ament_prefix_path.dsv'
[4.342s] INFO:colcon.colcon_core.shell:Creating environment hook '/home/sora/bumperbot_ws/install/bumperbot_py_examples/share/bumperbot_py_examples/hook/ament_prefix_path.sh'
[4.344s] INFO:colcon.colcon_core.shell:Skip shell extension 'powershell' for command environment: Not usable outside of PowerShell
[4.344s] DEBUG:colcon.colcon_core.shell:Skip shell extension 'dsv' for command environment
[5.901s] INFO:colcon.colcon_core.task.python.build:Building Python package in '/home/sora/bumperbot_ws/src/bumperbot_py_examples'
[5.902s] INFO:colcon.colcon_core.shell:Skip shell extension 'powershell' for command environment: Not usable outside of PowerShell
[5.903s] DEBUG:colcon.colcon_core.shell:Skip shell extension 'dsv' for command environment
[7.813s] DEBUG:colcon.colcon_core.event_handler.log_command:Invoking command in '/home/sora/bumperbot_ws/src/bumperbot_py_examples': PYTHONPATH=/home/sora/bumperbot_ws/build/bumperbot_py_examples/prefix_override:/home/sora/.local/lib/python3.10/site-packages/colcon_core/task/python/colcon_distutils_commands:/home/sora/bumperbot_ws/install/bumperbot_py_examples/lib/python3.10/site-packages:${PYTHONPATH} /usr/bin/python3 -W ignore:setup.py install is deprecated setup.py egg_info --egg-base ../../build/bumperbot_py_examples build --build-base /home/sora/bumperbot_ws/build/bumperbot_py_examples/build install --record /home/sora/bumperbot_ws/build/bumperbot_py_examples/install.log --single-version-externally-managed install_data
[8.526s] Level 1:colcon.colcon_core.environment:checking '/home/sora/bumperbot_ws/install/bumperbot_py_examples' for CMake module files
[8.527s] DEBUG:colcon.colcon_core.event_handler.log_command:Invoked command in '/home/sora/bumperbot_ws/src/bumperbot_py_examples' returned '0': PYTHONPATH=/home/sora/bumperbot_ws/build/bumperbot_py_examples/prefix_override:/home/sora/.local/lib/python3.10/site-packages/colcon_core/task/python/colcon_distutils_commands:/home/sora/bumperbot_ws/install/bumperbot_py_examples/lib/python3.10/site-packages:${PYTHONPATH} /usr/bin/python3 -W ignore:setup.py install is deprecated setup.py egg_info --egg-base ../../build/bumperbot_py_examples build --build-base /home/sora/bumperbot_ws/build/bumperbot_py_examples/build install --record /home/sora/bumperbot_ws/build/bumperbot_py_examples/install.log --single-version-externally-managed install_data
[8.605s] Level 1:colcon.colcon_core.environment:checking '/home/sora/bumperbot_ws/install/bumperbot_py_examples' for CMake config files
[8.619s] Level 1:colcon.colcon_core.environment:checking '/home/sora/bumperbot_ws/install/bumperbot_py_examples/lib'
[8.619s] Level 1:colcon.colcon_core.environment:checking '/home/sora/bumperbot_ws/install/bumperbot_py_examples/bin'
[8.619s] Level 1:colcon.colcon_core.environment:checking '/home/sora/bumperbot_ws/install/bumperbot_py_examples/lib/pkgconfig/bumperbot_py_examples.pc'
[8.620s] Level 1:colcon.colcon_core.environment:checking '/home/sora/bumperbot_ws/install/bumperbot_py_examples/lib/python3.10/site-packages'
[8.620s] Level 1:colcon.colcon_core.shell:create_environment_hook('bumperbot_py_examples', 'pythonpath')
[8.621s] INFO:colcon.colcon_core.shell:Creating environment hook '/home/sora/bumperbot_ws/install/bumperbot_py_examples/share/bumperbot_py_examples/hook/pythonpath.ps1'
[8.626s] INFO:colcon.colcon_core.shell:Creating environment descriptor '/home/sora/bumperbot_ws/install/bumperbot_py_examples/share/bumperbot_py_examples/hook/pythonpath.dsv'
[8.628s] INFO:colcon.colcon_core.shell:Creating environment hook '/home/sora/bumperbot_ws/install/bumperbot_py_examples/share/bumperbot_py_examples/hook/pythonpath.sh'
[8.637s] Level 1:colcon.colcon_core.environment:checking '/home/sora/bumperbot_ws/install/bumperbot_py_examples/bin'
[8.637s] Level 1:colcon.colcon_core.environment:create_environment_scripts_only(bumperbot_py_examples)
[8.638s] INFO:colcon.colcon_core.shell:Creating package script '/home/sora/bumperbot_ws/install/bumperbot_py_examples/share/bumperbot_py_examples/package.ps1'
[8.640s] INFO:colcon.colcon_core.shell:Creating package descriptor '/home/sora/bumperbot_ws/install/bumperbot_py_examples/share/bumperbot_py_examples/package.dsv'
[8.642s] INFO:colcon.colcon_core.shell:Creating package script '/home/sora/bumperbot_ws/install/bumperbot_py_examples/share/bumperbot_py_examples/package.sh'
[8.646s] INFO:colcon.colcon_core.shell:Creating package script '/home/sora/bumperbot_ws/install/bumperbot_py_examples/share/bumperbot_py_examples/package.bash'
[8.650s] INFO:colcon.colcon_core.shell:Creating package script '/home/sora/bumperbot_ws/install/bumperbot_py_examples/share/bumperbot_py_examples/package.zsh'
[8.656s] Level 1:colcon.colcon_core.environment:create_file_with_runtime_dependencies(/home/sora/bumperbot_ws/install/bumperbot_py_examples/share/colcon-core/packages/bumperbot_py_examples)
[8.659s] DEBUG:colcon.colcon_parallel_executor.executor.parallel:closing loop
[8.659s] DEBUG:colcon.colcon_parallel_executor.executor.parallel:loop closed
[8.659s] DEBUG:colcon.colcon_parallel_executor.executor.parallel:run_until_complete finished with '0'
[8.660s] DEBUG:colcon.colcon_core.event_reactor:joining thread
[8.710s] INFO:colcon.colcon_core.plugin_system:Skipping extension 'colcon_notification.desktop_notification.terminal_notifier': Not used on non-Darwin systems
[8.711s] INFO:colcon.colcon_core.plugin_system:Skipping extension 'colcon_notification.desktop_notification.win32': Not used on non-Windows systems
[8.711s] INFO:colcon.colcon_notification.desktop_notification:Sending desktop notification using 'notify2'
[8.888s] DEBUG:colcon.colcon_core.event_reactor:joined thread
[8.889s] INFO:colcon.colcon_core.shell:Creating prefix script '/home/sora/bumperbot_ws/install/local_setup.ps1'
[8.892s] INFO:colcon.colcon_core.shell:Creating prefix util module '/home/sora/bumperbot_ws/install/_local_setup_util_ps1.py'
[8.898s] INFO:colcon.colcon_core.shell:Creating prefix chain script '/home/sora/bumperbot_ws/install/setup.ps1'
[8.909s] INFO:colcon.colcon_core.shell:Creating prefix script '/home/sora/bumperbot_ws/install/local_setup.sh'
[8.912s] INFO:colcon.colcon_core.shell:Creating prefix util module '/home/sora/bumperbot_ws/install/_local_setup_util_sh.py'
[8.914s] INFO:colcon.colcon_core.shell:Creating prefix chain script '/home/sora/bumperbot_ws/install/setup.sh'
[8.919s] INFO:colcon.colcon_core.shell:Creating prefix script '/home/sora/bumperbot_ws/install/local_setup.bash'
[8.930s] INFO:colcon.colcon_core.shell:Creating prefix chain script '/home/sora/bumperbot_ws/install/setup.bash'
[8.933s] INFO:colcon.colcon_core.shell:Creating prefix script '/home/sora/bumperbot_ws/install/local_setup.zsh'
[8.940s] INFO:colcon.colcon_core.shell:Creating prefix chain script '/home/sora/bumperbot_ws/install/setup.zsh'
