[1.171s] Invoking command in '/home/sora/bumperbot_ws/src/bumperbot_py_examples': PYTHONPATH=/home/sora/bumperbot_ws/build/bumperbot_py_examples/prefix_override:/home/sora/.local/lib/python3.10/site-packages/colcon_core/task/python/colcon_distutils_commands:/home/sora/bumperbot_ws/install/bumperbot_py_examples/lib/python3.10/site-packages:${PYTHONPATH} /usr/bin/python3 -W ignore:setup.py install is deprecated setup.py egg_info --egg-base ../../build/bumperbot_py_examples build --build-base /home/sora/bumperbot_ws/build/bumperbot_py_examples/build install --record /home/sora/bumperbot_ws/build/bumperbot_py_examples/install.log --single-version-externally-managed install_data
[2.112s] running egg_info
[2.112s] creating ../../build/bumperbot_py_examples/bumperbot_py_examples.egg-info
[2.113s] writing ../../build/bumperbot_py_examples/bumperbot_py_examples.egg-info/PKG-INFO
[2.113s] writing dependency_links to ../../build/bumperbot_py_examples/bumperbot_py_examples.egg-info/dependency_links.txt
[2.113s] writing entry points to ../../build/bumperbot_py_examples/bumperbot_py_examples.egg-info/entry_points.txt
[2.113s] writing requirements to ../../build/bumperbot_py_examples/bumperbot_py_examples.egg-info/requires.txt
[2.114s] writing top-level names to ../../build/bumperbot_py_examples/bumperbot_py_examples.egg-info/top_level.txt
[2.114s] writing manifest file '../../build/bumperbot_py_examples/bumperbot_py_examples.egg-info/SOURCES.txt'
[2.117s] reading manifest file '../../build/bumperbot_py_examples/bumperbot_py_examples.egg-info/SOURCES.txt'
[2.118s] writing manifest file '../../build/bumperbot_py_examples/bumperbot_py_examples.egg-info/SOURCES.txt'
[2.118s] running build
[2.118s] running build_py
[2.118s] creating /home/sora/bumperbot_ws/build/bumperbot_py_examples/build
[2.119s] creating /home/sora/bumperbot_ws/build/bumperbot_py_examples/build/lib
[2.119s] creating /home/sora/bumperbot_ws/build/bumperbot_py_examples/build/lib/bumperbot_py_examples
[2.119s] copying bumperbot_py_examples/__init__.py -> /home/sora/bumperbot_ws/build/bumperbot_py_examples/build/lib/bumperbot_py_examples
[2.119s] running install
[2.120s] running install_lib
[2.121s] creating /home/sora/bumperbot_ws/install/bumperbot_py_examples/lib/python3.10/site-packages/bumperbot_py_examples
[2.121s] copying /home/sora/bumperbot_ws/build/bumperbot_py_examples/build/lib/bumperbot_py_examples/__init__.py -> /home/sora/bumperbot_ws/install/bumperbot_py_examples/lib/python3.10/site-packages/bumperbot_py_examples
[2.122s] byte-compiling /home/sora/bumperbot_ws/install/bumperbot_py_examples/lib/python3.10/site-packages/bumperbot_py_examples/__init__.py to __init__.cpython-310.pyc
[2.122s] running install_data
[2.123s] creating /home/sora/bumperbot_ws/install/bumperbot_py_examples/share/ament_index
[2.123s] creating /home/sora/bumperbot_ws/install/bumperbot_py_examples/share/ament_index/resource_index
[2.123s] creating /home/sora/bumperbot_ws/install/bumperbot_py_examples/share/ament_index/resource_index/packages
[2.123s] copying resource/bumperbot_py_examples -> /home/sora/bumperbot_ws/install/bumperbot_py_examples/share/ament_index/resource_index/packages
[2.123s] copying package.xml -> /home/sora/bumperbot_ws/install/bumperbot_py_examples/share/bumperbot_py_examples
[2.124s] running install_egg_info
[2.127s] Copying ../../build/bumperbot_py_examples/bumperbot_py_examples.egg-info to /home/sora/bumperbot_ws/install/bumperbot_py_examples/lib/python3.10/site-packages/bumperbot_py_examples-0.0.0-py3.10.egg-info
[2.128s] running install_scripts
[2.158s] writing list of installed files to '/home/sora/bumperbot_ws/build/bumperbot_py_examples/install.log'
[2.192s] Invoked command in '/home/sora/bumperbot_ws/src/bumperbot_py_examples' returned '0': PYTHONPATH=/home/sora/bumperbot_ws/build/bumperbot_py_examples/prefix_override:/home/sora/.local/lib/python3.10/site-packages/colcon_core/task/python/colcon_distutils_commands:/home/sora/bumperbot_ws/install/bumperbot_py_examples/lib/python3.10/site-packages:${PYTHONPATH} /usr/bin/python3 -W ignore:setup.py install is deprecated setup.py egg_info --egg-base ../../build/bumperbot_py_examples build --build-base /home/sora/bumperbot_ws/build/bumperbot_py_examples/build install --record /home/sora/bumperbot_ws/build/bumperbot_py_examples/install.log --single-version-externally-managed install_data
