[1.166s] DEBUG:colcon:Command line arguments: ['/home/sora/.local/bin/colcon', 'build']
[1.166s] DEBUG:colcon:Parsed command line arguments: Namespace(log_base=None, log_level=None, verb_name='build', build_base='build', install_base='install', merge_install=False, symlink_install=False, test_result_base=None, continue_on_error=False, executor='parallel', parallel_workers=1, event_handlers=None, ignore_user_meta=False, metas=['./colcon.meta'], base_paths=['.'], packages_ignore=None, packages_ignore_regex=None, paths=None, packages_up_to=None, packages_up_to_regex=None, packages_above=None, packages_above_and_dependencies=None, packages_above_depth=None, packages_select_by_dep=None, packages_skip_by_dep=None, packages_skip_up_to=None, packages_select_build_failed=False, packages_skip_build_finished=False, packages_select_test_failures=False, packages_skip_test_passed=False, packages_select=None, packages_skip=None, packages_select_regex=None, packages_skip_regex=None, packages_start=None, packages_end=None, allow_overriding=[], cmake_args=None, cmake_target=None, cmake_target_skip_unavailable=False, cmake_clean_cache=False, cmake_clean_first=False, cmake_force_configure=False, ament_cmake_args=None, catkin_cmake_args=None, catkin_skip_building_tests=False, verb_parser=<colcon_defaults.argument_parser.defaults.DefaultArgumentsDecorator object at 0x7ae73efe6620>, verb_extension=<colcon_core.verb.build.BuildVerb object at 0x7ae73efe61d0>, main=<bound method BuildVerb.main of <colcon_core.verb.build.BuildVerb object at 0x7ae73efe61d0>>)
[2.416s] Level 1:colcon.colcon_core.package_discovery:discover_packages(colcon_meta) check parameters
[2.416s] Level 1:colcon.colcon_core.package_discovery:discover_packages(recursive) check parameters
[2.416s] Level 1:colcon.colcon_core.package_discovery:discover_packages(ignore) check parameters
[2.417s] Level 1:colcon.colcon_core.package_discovery:discover_packages(path) check parameters
[2.417s] Level 1:colcon.colcon_core.package_discovery:discover_packages(colcon_meta) discover
[2.417s] Level 1:colcon.colcon_core.package_discovery:discover_packages(recursive) discover
[2.417s] INFO:colcon.colcon_core.package_discovery:Crawling recursively for packages in '/home/sora/bumperbot_ws'
[2.417s] Level 1:colcon.colcon_core.package_identification:_identify(.) by extensions ['ignore', 'ignore_ament_install']
[2.417s] Level 1:colcon.colcon_core.package_identification:_identify(.) by extension 'ignore'
[2.417s] Level 1:colcon.colcon_core.package_identification:_identify(.) by extension 'ignore_ament_install'
[2.417s] Level 1:colcon.colcon_core.package_identification:_identify(.) by extensions ['colcon_pkg']
[2.417s] Level 1:colcon.colcon_core.package_identification:_identify(.) by extension 'colcon_pkg'
[2.417s] Level 1:colcon.colcon_core.package_identification:_identify(.) by extensions ['colcon_meta']
[2.417s] Level 1:colcon.colcon_core.package_identification:_identify(.) by extension 'colcon_meta'
[2.417s] Level 1:colcon.colcon_core.package_identification:_identify(.) by extensions ['ros']
[2.417s] Level 1:colcon.colcon_core.package_identification:_identify(.) by extension 'ros'
[2.457s] Level 1:colcon.colcon_core.package_identification:_identify(.) by extensions ['cmake', 'python']
[2.457s] Level 1:colcon.colcon_core.package_identification:_identify(.) by extension 'cmake'
[2.458s] Level 1:colcon.colcon_core.package_identification:_identify(.) by extension 'python'
[2.458s] Level 1:colcon.colcon_core.package_identification:_identify(.) by extensions ['python_setup_py']
[2.458s] Level 1:colcon.colcon_core.package_identification:_identify(.) by extension 'python_setup_py'
[2.458s] Level 1:colcon.colcon_core.package_identification:_identify(build) by extensions ['ignore', 'ignore_ament_install']
[2.458s] Level 1:colcon.colcon_core.package_identification:_identify(build) by extension 'ignore'
[2.458s] Level 1:colcon.colcon_core.package_identification:_identify(build) ignored
[2.458s] Level 1:colcon.colcon_core.package_identification:_identify(install) by extensions ['ignore', 'ignore_ament_install']
[2.458s] Level 1:colcon.colcon_core.package_identification:_identify(install) by extension 'ignore'
[2.458s] Level 1:colcon.colcon_core.package_identification:_identify(install) ignored
[2.459s] Level 1:colcon.colcon_core.package_identification:_identify(log) by extensions ['ignore', 'ignore_ament_install']
[2.459s] Level 1:colcon.colcon_core.package_identification:_identify(log) by extension 'ignore'
[2.459s] Level 1:colcon.colcon_core.package_identification:_identify(log) ignored
[2.459s] Level 1:colcon.colcon_core.package_identification:_identify(src) by extensions ['ignore', 'ignore_ament_install']
[2.459s] Level 1:colcon.colcon_core.package_identification:_identify(src) by extension 'ignore'
[2.459s] Level 1:colcon.colcon_core.package_identification:_identify(src) by extension 'ignore_ament_install'
[2.459s] Level 1:colcon.colcon_core.package_identification:_identify(src) by extensions ['colcon_pkg']
[2.459s] Level 1:colcon.colcon_core.package_identification:_identify(src) by extension 'colcon_pkg'
[2.459s] Level 1:colcon.colcon_core.package_identification:_identify(src) by extensions ['colcon_meta']
[2.459s] Level 1:colcon.colcon_core.package_identification:_identify(src) by extension 'colcon_meta'
[2.459s] Level 1:colcon.colcon_core.package_identification:_identify(src) by extensions ['ros']
[2.459s] Level 1:colcon.colcon_core.package_identification:_identify(src) by extension 'ros'
[2.460s] Level 1:colcon.colcon_core.package_identification:_identify(src) by extensions ['cmake', 'python']
[2.460s] Level 1:colcon.colcon_core.package_identification:_identify(src) by extension 'cmake'
[2.460s] Level 1:colcon.colcon_core.package_identification:_identify(src) by extension 'python'
[2.460s] Level 1:colcon.colcon_core.package_identification:_identify(src) by extensions ['python_setup_py']
[2.460s] Level 1:colcon.colcon_core.package_identification:_identify(src) by extension 'python_setup_py'
[2.460s] Level 1:colcon.colcon_core.package_identification:_identify(src/build) by extensions ['ignore', 'ignore_ament_install']
[2.460s] Level 1:colcon.colcon_core.package_identification:_identify(src/build) by extension 'ignore'
[2.460s] Level 1:colcon.colcon_core.package_identification:_identify(src/build) ignored
[2.460s] Level 1:colcon.colcon_core.package_identification:_identify(src/bumperbot_description) by extensions ['ignore', 'ignore_ament_install']
[2.460s] Level 1:colcon.colcon_core.package_identification:_identify(src/bumperbot_description) by extension 'ignore'
[2.460s] Level 1:colcon.colcon_core.package_identification:_identify(src/bumperbot_description) by extension 'ignore_ament_install'
[2.461s] Level 1:colcon.colcon_core.package_identification:_identify(src/bumperbot_description) by extensions ['colcon_pkg']
[2.461s] Level 1:colcon.colcon_core.package_identification:_identify(src/bumperbot_description) by extension 'colcon_pkg'
[2.461s] Level 1:colcon.colcon_core.package_identification:_identify(src/bumperbot_description) by extensions ['colcon_meta']
[2.461s] Level 1:colcon.colcon_core.package_identification:_identify(src/bumperbot_description) by extension 'colcon_meta'
[2.461s] Level 1:colcon.colcon_core.package_identification:_identify(src/bumperbot_description) by extensions ['ros']
[2.461s] Level 1:colcon.colcon_core.package_identification:_identify(src/bumperbot_description) by extension 'ros'
[2.470s] DEBUG:colcon.colcon_core.package_identification:Package 'src/bumperbot_description' with type 'ros.ament_cmake' and name 'bumperbot_description'
[2.470s] Level 1:colcon.colcon_core.package_identification:_identify(src/bumperbot_py_examples) by extensions ['ignore', 'ignore_ament_install']
[2.470s] Level 1:colcon.colcon_core.package_identification:_identify(src/bumperbot_py_examples) by extension 'ignore'
[2.471s] Level 1:colcon.colcon_core.package_identification:_identify(src/bumperbot_py_examples) by extension 'ignore_ament_install'
[2.471s] Level 1:colcon.colcon_core.package_identification:_identify(src/bumperbot_py_examples) by extensions ['colcon_pkg']
[2.471s] Level 1:colcon.colcon_core.package_identification:_identify(src/bumperbot_py_examples) by extension 'colcon_pkg'
[2.472s] Level 1:colcon.colcon_core.package_identification:_identify(src/bumperbot_py_examples) by extensions ['colcon_meta']
[2.472s] Level 1:colcon.colcon_core.package_identification:_identify(src/bumperbot_py_examples) by extension 'colcon_meta'
[2.472s] Level 1:colcon.colcon_core.package_identification:_identify(src/bumperbot_py_examples) by extensions ['ros']
[2.472s] Level 1:colcon.colcon_core.package_identification:_identify(src/bumperbot_py_examples) by extension 'ros'
[2.475s] DEBUG:colcon.colcon_core.package_identification:Package 'src/bumperbot_py_examples' with type 'ros.ament_python' and name 'bumperbot_py_examples'
[2.475s] Level 1:colcon.colcon_core.package_identification:_identify(src/install) by extensions ['ignore', 'ignore_ament_install']
[2.475s] Level 1:colcon.colcon_core.package_identification:_identify(src/install) by extension 'ignore'
[2.475s] Level 1:colcon.colcon_core.package_identification:_identify(src/install) ignored
[2.476s] Level 1:colcon.colcon_core.package_identification:_identify(src/log) by extensions ['ignore', 'ignore_ament_install']
[2.476s] Level 1:colcon.colcon_core.package_identification:_identify(src/log) by extension 'ignore'
[2.476s] Level 1:colcon.colcon_core.package_identification:_identify(src/log) ignored
[2.476s] Level 1:colcon.colcon_core.package_discovery:discover_packages(recursive) using defaults
[2.476s] Level 1:colcon.colcon_core.package_discovery:discover_packages(ignore) discover
[2.476s] Level 1:colcon.colcon_core.package_discovery:discover_packages(ignore) using defaults
[2.476s] Level 1:colcon.colcon_core.package_discovery:discover_packages(path) discover
[2.476s] Level 1:colcon.colcon_core.package_discovery:discover_packages(path) using defaults
[2.566s] Level 1:colcon.colcon_core.package_discovery:discover_packages(prefix_path) check parameters
[2.566s] Level 1:colcon.colcon_core.package_discovery:discover_packages(prefix_path) discover
[2.578s] DEBUG:colcon.colcon_installed_package_information.package_discovery:Found 2 installed packages in /home/sora/bumperbot_ws/install
[2.591s] DEBUG:colcon.colcon_installed_package_information.package_discovery:Found 329 installed packages in /opt/ros/humble
[2.593s] Level 1:colcon.colcon_core.package_discovery:discover_packages(prefix_path) using defaults
[2.935s] Level 5:colcon.colcon_core.verb:set package 'bumperbot_description' build argument 'cmake_args' from command line to 'None'
[2.935s] Level 5:colcon.colcon_core.verb:set package 'bumperbot_description' build argument 'cmake_target' from command line to 'None'
[2.935s] Level 5:colcon.colcon_core.verb:set package 'bumperbot_description' build argument 'cmake_target_skip_unavailable' from command line to 'False'
[2.935s] Level 5:colcon.colcon_core.verb:set package 'bumperbot_description' build argument 'cmake_clean_cache' from command line to 'False'
[2.935s] Level 5:colcon.colcon_core.verb:set package 'bumperbot_description' build argument 'cmake_clean_first' from command line to 'False'
[2.936s] Level 5:colcon.colcon_core.verb:set package 'bumperbot_description' build argument 'cmake_force_configure' from command line to 'False'
[2.936s] Level 5:colcon.colcon_core.verb:set package 'bumperbot_description' build argument 'ament_cmake_args' from command line to 'None'
[2.936s] Level 5:colcon.colcon_core.verb:set package 'bumperbot_description' build argument 'catkin_cmake_args' from command line to 'None'
[2.936s] Level 5:colcon.colcon_core.verb:set package 'bumperbot_description' build argument 'catkin_skip_building_tests' from command line to 'False'
[2.936s] DEBUG:colcon.colcon_core.verb:Building package 'bumperbot_description' with the following arguments: {'ament_cmake_args': None, 'build_base': '/home/sora/bumperbot_ws/build/bumperbot_description', 'catkin_cmake_args': None, 'catkin_skip_building_tests': False, 'cmake_args': None, 'cmake_clean_cache': False, 'cmake_clean_first': False, 'cmake_force_configure': False, 'cmake_target': None, 'cmake_target_skip_unavailable': False, 'install_base': '/home/sora/bumperbot_ws/install/bumperbot_description', 'merge_install': False, 'path': '/home/sora/bumperbot_ws/src/bumperbot_description', 'symlink_install': False, 'test_result_base': None}
[2.937s] Level 5:colcon.colcon_core.verb:set package 'bumperbot_py_examples' build argument 'cmake_args' from command line to 'None'
[2.937s] Level 5:colcon.colcon_core.verb:set package 'bumperbot_py_examples' build argument 'cmake_target' from command line to 'None'
[2.938s] Level 5:colcon.colcon_core.verb:set package 'bumperbot_py_examples' build argument 'cmake_target_skip_unavailable' from command line to 'False'
[2.938s] Level 5:colcon.colcon_core.verb:set package 'bumperbot_py_examples' build argument 'cmake_clean_cache' from command line to 'False'
[2.938s] Level 5:colcon.colcon_core.verb:set package 'bumperbot_py_examples' build argument 'cmake_clean_first' from command line to 'False'
[2.938s] Level 5:colcon.colcon_core.verb:set package 'bumperbot_py_examples' build argument 'cmake_force_configure' from command line to 'False'
[2.939s] Level 5:colcon.colcon_core.verb:set package 'bumperbot_py_examples' build argument 'ament_cmake_args' from command line to 'None'
[2.939s] Level 5:colcon.colcon_core.verb:set package 'bumperbot_py_examples' build argument 'catkin_cmake_args' from command line to 'None'
[2.939s] Level 5:colcon.colcon_core.verb:set package 'bumperbot_py_examples' build argument 'catkin_skip_building_tests' from command line to 'False'
[2.939s] DEBUG:colcon.colcon_core.verb:Building package 'bumperbot_py_examples' with the following arguments: {'ament_cmake_args': None, 'build_base': '/home/sora/bumperbot_ws/build/bumperbot_py_examples', 'catkin_cmake_args': None, 'catkin_skip_building_tests': False, 'cmake_args': None, 'cmake_clean_cache': False, 'cmake_clean_first': False, 'cmake_force_configure': False, 'cmake_target': None, 'cmake_target_skip_unavailable': False, 'install_base': '/home/sora/bumperbot_ws/install/bumperbot_py_examples', 'merge_install': False, 'path': '/home/sora/bumperbot_ws/src/bumperbot_py_examples', 'symlink_install': False, 'test_result_base': None}
[2.939s] INFO:colcon.colcon_core.executor:Executing jobs using 'parallel' executor
[2.941s] DEBUG:colcon.colcon_parallel_executor.executor.parallel:run_until_complete
[2.942s] INFO:colcon.colcon_ros.task.ament_cmake.build:Building ROS package in '/home/sora/bumperbot_ws/src/bumperbot_description' with build type 'ament_cmake'
[2.943s] INFO:colcon.colcon_cmake.task.cmake.build:Building CMake package in '/home/sora/bumperbot_ws/src/bumperbot_description'
[2.970s] INFO:colcon.colcon_core.plugin_system:Skipping extension 'colcon_core.shell.bat': Not used on non-Windows systems
[2.971s] INFO:colcon.colcon_core.shell:Skip shell extension 'powershell' for command environment: Not usable outside of PowerShell
[2.971s] DEBUG:colcon.colcon_core.shell:Skip shell extension 'dsv' for command environment
[3.053s] DEBUG:colcon.colcon_core.event_handler.log_command:Invoking command in '/home/sora/bumperbot_ws/build/bumperbot_description': CMAKE_PREFIX_PATH=${CMAKE_PREFIX_PATH}:/opt/ros/humble:/home/sora/bumperbot_ws/install/bumperbot_py_examples /usr/bin/cmake --build /home/sora/bumperbot_ws/build/bumperbot_description -- -j1 -l1
[3.543s] DEBUG:colcon.colcon_core.event_handler.log_command:Invoked command in '/home/sora/bumperbot_ws/build/bumperbot_description' returned '0': CMAKE_PREFIX_PATH=${CMAKE_PREFIX_PATH}:/opt/ros/humble:/home/sora/bumperbot_ws/install/bumperbot_py_examples /usr/bin/cmake --build /home/sora/bumperbot_ws/build/bumperbot_description -- -j1 -l1
[3.735s] DEBUG:colcon.colcon_core.event_handler.log_command:Invoking command in '/home/sora/bumperbot_ws/build/bumperbot_description': CMAKE_PREFIX_PATH=${CMAKE_PREFIX_PATH}:/opt/ros/humble:/home/sora/bumperbot_ws/install/bumperbot_py_examples /usr/bin/cmake --install /home/sora/bumperbot_ws/build/bumperbot_description
[3.797s] Level 1:colcon.colcon_core.environment:create_environment_scripts_only(bumperbot_description)
[3.798s] DEBUG:colcon.colcon_core.event_handler.log_command:Invoked command in '/home/sora/bumperbot_ws/build/bumperbot_description' returned '0': CMAKE_PREFIX_PATH=${CMAKE_PREFIX_PATH}:/opt/ros/humble:/home/sora/bumperbot_ws/install/bumperbot_py_examples /usr/bin/cmake --install /home/sora/bumperbot_ws/build/bumperbot_description
[3.838s] Level 1:colcon.colcon_core.environment:checking '/home/sora/bumperbot_ws/install/bumperbot_description' for CMake module files
[3.839s] Level 1:colcon.colcon_core.environment:checking '/home/sora/bumperbot_ws/install/bumperbot_description' for CMake config files
[3.839s] Level 1:colcon.colcon_core.shell:create_environment_hook('bumperbot_description', 'cmake_prefix_path')
[3.839s] INFO:colcon.colcon_core.shell:Creating environment hook '/home/sora/bumperbot_ws/install/bumperbot_description/share/bumperbot_description/hook/cmake_prefix_path.ps1'
[3.851s] INFO:colcon.colcon_core.shell:Creating environment descriptor '/home/sora/bumperbot_ws/install/bumperbot_description/share/bumperbot_description/hook/cmake_prefix_path.dsv'
[3.853s] INFO:colcon.colcon_core.shell:Creating environment hook '/home/sora/bumperbot_ws/install/bumperbot_description/share/bumperbot_description/hook/cmake_prefix_path.sh'
[3.860s] Level 1:colcon.colcon_core.environment:checking '/home/sora/bumperbot_ws/install/bumperbot_description/bin'
[3.860s] Level 1:colcon.colcon_core.environment:checking '/home/sora/bumperbot_ws/install/bumperbot_description/lib/pkgconfig/bumperbot_description.pc'
[3.860s] Level 1:colcon.colcon_core.environment:checking '/home/sora/bumperbot_ws/install/bumperbot_description/lib/python3.10/site-packages'
[3.860s] Level 1:colcon.colcon_core.environment:checking '/home/sora/bumperbot_ws/install/bumperbot_description/bin'
[3.861s] INFO:colcon.colcon_core.shell:Creating package script '/home/sora/bumperbot_ws/install/bumperbot_description/share/bumperbot_description/package.ps1'
[3.872s] INFO:colcon.colcon_core.shell:Creating package descriptor '/home/sora/bumperbot_ws/install/bumperbot_description/share/bumperbot_description/package.dsv'
[3.874s] INFO:colcon.colcon_core.shell:Creating package script '/home/sora/bumperbot_ws/install/bumperbot_description/share/bumperbot_description/package.sh'
[3.878s] INFO:colcon.colcon_core.shell:Creating package script '/home/sora/bumperbot_ws/install/bumperbot_description/share/bumperbot_description/package.bash'
[3.883s] INFO:colcon.colcon_core.shell:Creating package script '/home/sora/bumperbot_ws/install/bumperbot_description/share/bumperbot_description/package.zsh'
[3.890s] Level 1:colcon.colcon_core.environment:create_file_with_runtime_dependencies(/home/sora/bumperbot_ws/install/bumperbot_description/share/colcon-core/packages/bumperbot_description)
[4.012s] Level 1:colcon.colcon_core.environment:create_environment_scripts_only(bumperbot_description)
[4.013s] Level 1:colcon.colcon_core.environment:checking '/home/sora/bumperbot_ws/install/bumperbot_description' for CMake module files
[4.013s] Level 1:colcon.colcon_core.environment:checking '/home/sora/bumperbot_ws/install/bumperbot_description' for CMake config files
[4.014s] Level 1:colcon.colcon_core.shell:create_environment_hook('bumperbot_description', 'cmake_prefix_path')
[4.015s] INFO:colcon.colcon_core.shell:Creating environment hook '/home/sora/bumperbot_ws/install/bumperbot_description/share/bumperbot_description/hook/cmake_prefix_path.ps1'
[4.017s] INFO:colcon.colcon_core.shell:Creating environment descriptor '/home/sora/bumperbot_ws/install/bumperbot_description/share/bumperbot_description/hook/cmake_prefix_path.dsv'
[4.018s] INFO:colcon.colcon_core.shell:Creating environment hook '/home/sora/bumperbot_ws/install/bumperbot_description/share/bumperbot_description/hook/cmake_prefix_path.sh'
[4.020s] Level 1:colcon.colcon_core.environment:checking '/home/sora/bumperbot_ws/install/bumperbot_description/bin'
[4.021s] Level 1:colcon.colcon_core.environment:checking '/home/sora/bumperbot_ws/install/bumperbot_description/lib/pkgconfig/bumperbot_description.pc'
[4.021s] Level 1:colcon.colcon_core.environment:checking '/home/sora/bumperbot_ws/install/bumperbot_description/lib/python3.10/site-packages'
[4.021s] Level 1:colcon.colcon_core.environment:checking '/home/sora/bumperbot_ws/install/bumperbot_description/bin'
[4.022s] INFO:colcon.colcon_core.shell:Creating package script '/home/sora/bumperbot_ws/install/bumperbot_description/share/bumperbot_description/package.ps1'
[4.025s] INFO:colcon.colcon_core.shell:Creating package descriptor '/home/sora/bumperbot_ws/install/bumperbot_description/share/bumperbot_description/package.dsv'
[4.027s] INFO:colcon.colcon_core.shell:Creating package script '/home/sora/bumperbot_ws/install/bumperbot_description/share/bumperbot_description/package.sh'
[4.029s] INFO:colcon.colcon_core.shell:Creating package script '/home/sora/bumperbot_ws/install/bumperbot_description/share/bumperbot_description/package.bash'
[4.030s] INFO:colcon.colcon_core.shell:Creating package script '/home/sora/bumperbot_ws/install/bumperbot_description/share/bumperbot_description/package.zsh'
[4.032s] Level 1:colcon.colcon_core.environment:create_file_with_runtime_dependencies(/home/sora/bumperbot_ws/install/bumperbot_description/share/colcon-core/packages/bumperbot_description)
[4.034s] INFO:colcon.colcon_ros.task.ament_python.build:Building ROS package in '/home/sora/bumperbot_ws/src/bumperbot_py_examples' with build type 'ament_python'
[4.037s] Level 1:colcon.colcon_core.shell:create_environment_hook('bumperbot_py_examples', 'ament_prefix_path')
[4.039s] INFO:colcon.colcon_core.shell:Creating environment hook '/home/sora/bumperbot_ws/install/bumperbot_py_examples/share/bumperbot_py_examples/hook/ament_prefix_path.ps1'
[4.042s] INFO:colcon.colcon_core.shell:Creating environment descriptor '/home/sora/bumperbot_ws/install/bumperbot_py_examples/share/bumperbot_py_examples/hook/ament_prefix_path.dsv'
[4.045s] INFO:colcon.colcon_core.shell:Creating environment hook '/home/sora/bumperbot_ws/install/bumperbot_py_examples/share/bumperbot_py_examples/hook/ament_prefix_path.sh'
[4.056s] INFO:colcon.colcon_core.shell:Skip shell extension 'powershell' for command environment: Not usable outside of PowerShell
[4.056s] DEBUG:colcon.colcon_core.shell:Skip shell extension 'dsv' for command environment
[4.889s] INFO:colcon.colcon_core.task.python.build:Building Python package in '/home/sora/bumperbot_ws/src/bumperbot_py_examples'
[4.890s] INFO:colcon.colcon_core.shell:Skip shell extension 'powershell' for command environment: Not usable outside of PowerShell
[4.890s] DEBUG:colcon.colcon_core.shell:Skip shell extension 'dsv' for command environment
[7.048s] DEBUG:colcon.colcon_core.event_handler.log_command:Invoking command in '/home/sora/bumperbot_ws/src/bumperbot_py_examples': PYTHONPATH=/home/sora/bumperbot_ws/build/bumperbot_py_examples/prefix_override:/home/sora/.local/lib/python3.10/site-packages/colcon_core/task/python/colcon_distutils_commands:/home/sora/bumperbot_ws/install/bumperbot_py_examples/lib/python3.10/site-packages:${PYTHONPATH} /usr/bin/python3 -W ignore:setup.py install is deprecated setup.py egg_info --egg-base ../../build/bumperbot_py_examples build --build-base /home/sora/bumperbot_ws/build/bumperbot_py_examples/build install --record /home/sora/bumperbot_ws/build/bumperbot_py_examples/install.log --single-version-externally-managed install_data
[7.921s] Level 1:colcon.colcon_core.environment:checking '/home/sora/bumperbot_ws/install/bumperbot_py_examples' for CMake module files
[7.924s] Level 1:colcon.colcon_core.environment:checking '/home/sora/bumperbot_ws/install/bumperbot_py_examples' for CMake config files
[7.924s] Level 1:colcon.colcon_core.environment:checking '/home/sora/bumperbot_ws/install/bumperbot_py_examples/lib'
[7.925s] Level 1:colcon.colcon_core.environment:checking '/home/sora/bumperbot_ws/install/bumperbot_py_examples/bin'
[7.925s] Level 1:colcon.colcon_core.environment:checking '/home/sora/bumperbot_ws/install/bumperbot_py_examples/lib/pkgconfig/bumperbot_py_examples.pc'
[7.925s] Level 1:colcon.colcon_core.environment:checking '/home/sora/bumperbot_ws/install/bumperbot_py_examples/lib/python3.10/site-packages'
[7.925s] Level 1:colcon.colcon_core.shell:create_environment_hook('bumperbot_py_examples', 'pythonpath')
[7.925s] INFO:colcon.colcon_core.shell:Creating environment hook '/home/sora/bumperbot_ws/install/bumperbot_py_examples/share/bumperbot_py_examples/hook/pythonpath.ps1'
[7.923s] DEBUG:colcon.colcon_core.event_handler.log_command:Invoked command in '/home/sora/bumperbot_ws/src/bumperbot_py_examples' returned '0': PYTHONPATH=/home/sora/bumperbot_ws/build/bumperbot_py_examples/prefix_override:/home/sora/.local/lib/python3.10/site-packages/colcon_core/task/python/colcon_distutils_commands:/home/sora/bumperbot_ws/install/bumperbot_py_examples/lib/python3.10/site-packages:${PYTHONPATH} /usr/bin/python3 -W ignore:setup.py install is deprecated setup.py egg_info --egg-base ../../build/bumperbot_py_examples build --build-base /home/sora/bumperbot_ws/build/bumperbot_py_examples/build install --record /home/sora/bumperbot_ws/build/bumperbot_py_examples/install.log --single-version-externally-managed install_data
[7.939s] INFO:colcon.colcon_core.shell:Creating environment descriptor '/home/sora/bumperbot_ws/install/bumperbot_py_examples/share/bumperbot_py_examples/hook/pythonpath.dsv'
[7.940s] INFO:colcon.colcon_core.shell:Creating environment hook '/home/sora/bumperbot_ws/install/bumperbot_py_examples/share/bumperbot_py_examples/hook/pythonpath.sh'
[7.942s] Level 1:colcon.colcon_core.environment:checking '/home/sora/bumperbot_ws/install/bumperbot_py_examples/bin'
[7.942s] Level 1:colcon.colcon_core.environment:create_environment_scripts_only(bumperbot_py_examples)
[7.943s] INFO:colcon.colcon_core.shell:Creating package script '/home/sora/bumperbot_ws/install/bumperbot_py_examples/share/bumperbot_py_examples/package.ps1'
[7.944s] INFO:colcon.colcon_core.shell:Creating package descriptor '/home/sora/bumperbot_ws/install/bumperbot_py_examples/share/bumperbot_py_examples/package.dsv'
[7.945s] INFO:colcon.colcon_core.shell:Creating package script '/home/sora/bumperbot_ws/install/bumperbot_py_examples/share/bumperbot_py_examples/package.sh'
[7.946s] INFO:colcon.colcon_core.shell:Creating package script '/home/sora/bumperbot_ws/install/bumperbot_py_examples/share/bumperbot_py_examples/package.bash'
[7.950s] INFO:colcon.colcon_core.shell:Creating package script '/home/sora/bumperbot_ws/install/bumperbot_py_examples/share/bumperbot_py_examples/package.zsh'
[7.951s] Level 1:colcon.colcon_core.environment:create_file_with_runtime_dependencies(/home/sora/bumperbot_ws/install/bumperbot_py_examples/share/colcon-core/packages/bumperbot_py_examples)
[7.961s] DEBUG:colcon.colcon_parallel_executor.executor.parallel:closing loop
[7.961s] DEBUG:colcon.colcon_parallel_executor.executor.parallel:loop closed
[7.961s] DEBUG:colcon.colcon_parallel_executor.executor.parallel:run_until_complete finished with '0'
[7.961s] DEBUG:colcon.colcon_core.event_reactor:joining thread
[8.019s] INFO:colcon.colcon_core.plugin_system:Skipping extension 'colcon_notification.desktop_notification.terminal_notifier': Not used on non-Darwin systems
[8.019s] INFO:colcon.colcon_core.plugin_system:Skipping extension 'colcon_notification.desktop_notification.win32': Not used on non-Windows systems
[8.019s] INFO:colcon.colcon_notification.desktop_notification:Sending desktop notification using 'notify2'
[8.498s] DEBUG:colcon.colcon_core.event_reactor:joined thread
[8.499s] INFO:colcon.colcon_core.shell:Creating prefix script '/home/sora/bumperbot_ws/install/local_setup.ps1'
[8.515s] INFO:colcon.colcon_core.shell:Creating prefix util module '/home/sora/bumperbot_ws/install/_local_setup_util_ps1.py'
[8.525s] INFO:colcon.colcon_core.shell:Creating prefix chain script '/home/sora/bumperbot_ws/install/setup.ps1'
[8.534s] INFO:colcon.colcon_core.shell:Creating prefix script '/home/sora/bumperbot_ws/install/local_setup.sh'
[8.539s] INFO:colcon.colcon_core.shell:Creating prefix util module '/home/sora/bumperbot_ws/install/_local_setup_util_sh.py'
[8.542s] INFO:colcon.colcon_core.shell:Creating prefix chain script '/home/sora/bumperbot_ws/install/setup.sh'
[8.552s] INFO:colcon.colcon_core.shell:Creating prefix script '/home/sora/bumperbot_ws/install/local_setup.bash'
[8.555s] INFO:colcon.colcon_core.shell:Creating prefix chain script '/home/sora/bumperbot_ws/install/setup.bash'
[8.560s] INFO:colcon.colcon_core.shell:Creating prefix script '/home/sora/bumperbot_ws/install/local_setup.zsh'
[8.564s] INFO:colcon.colcon_core.shell:Creating prefix chain script '/home/sora/bumperbot_ws/install/setup.zsh'
