[0.050s] Invoking command in '/home/sora/bumperbot_ws/src/build/bumperbot_description': CMAKE_PREFIX_PATH=/opt/ros/humble /usr/bin/cmake /home/sora/bumperbot_ws/src/bumperbot_description -DCMAKE_INSTALL_PREFIX=/home/sora/bumperbot_ws/src/install/bumperbot_description
[1.447s] -- The C compiler identification is GNU 11.4.0
[1.772s] -- The CXX compiler identification is GNU 11.4.0
[1.810s] -- Detecting C compiler ABI info
[2.053s] -- Detecting C compiler ABI info - done
[2.056s] -- Check for working C compiler: /usr/bin/cc - skipped
[2.057s] -- Detecting C compile features
[2.059s] -- Detecting C compile features - done
[2.067s] -- Detecting CXX compiler ABI info
[2.318s] -- Detecting CXX compiler ABI info - done
[2.318s] -- Check for working CXX compiler: /usr/bin/c++ - skipped
[2.318s] -- Detecting CXX compile features
[2.318s] -- Detecting CXX compile features - done
[2.364s] -- Found ament_cmake: 1.3.10 (/opt/ros/humble/share/ament_cmake/cmake)
[2.721s] -- Found Python3: /usr/bin/python3 (found version "3.10.12") found components: Interpreter 
[3.003s] -- Found ament_lint_auto: 0.12.11 (/opt/ros/humble/share/ament_lint_auto/cmake)
[3.212s] -- Added test 'lint_cmake' to check CMake code style
[3.220s] -- Added test 'xmllint' to check XML markup files
[3.235s] -- Configuring done
[3.235s] -- Generating done
[3.238s] -- Build files have been written to: /home/sora/bumperbot_ws/src/build/bumperbot_description
[3.259s] Invoked command in '/home/sora/bumperbot_ws/src/build/bumperbot_description' returned '0': CMAKE_PREFIX_PATH=/opt/ros/humble /usr/bin/cmake /home/sora/bumperbot_ws/src/bumperbot_description -DCMAKE_INSTALL_PREFIX=/home/sora/bumperbot_ws/src/install/bumperbot_description
[3.260s] Invoking command in '/home/sora/bumperbot_ws/src/build/bumperbot_description': CMAKE_PREFIX_PATH=/opt/ros/humble /usr/bin/cmake --build /home/sora/bumperbot_ws/src/build/bumperbot_description -- -j1 -l1
[3.390s] Invoked command in '/home/sora/bumperbot_ws/src/build/bumperbot_description' returned '0': CMAKE_PREFIX_PATH=/opt/ros/humble /usr/bin/cmake --build /home/sora/bumperbot_ws/src/build/bumperbot_description -- -j1 -l1
[3.519s] Invoking command in '/home/sora/bumperbot_ws/src/build/bumperbot_description': CMAKE_PREFIX_PATH=/opt/ros/humble /usr/bin/cmake --install /home/sora/bumperbot_ws/src/build/bumperbot_description
[3.569s] -- Install configuration: ""
[3.569s] -- Installing: /home/sora/bumperbot_ws/src/install/bumperbot_description/share/ament_index/resource_index/package_run_dependencies/bumperbot_description
[3.569s] -- Installing: /home/sora/bumperbot_ws/src/install/bumperbot_description/share/ament_index/resource_index/parent_prefix_path/bumperbot_description
[3.569s] -- Installing: /home/sora/bumperbot_ws/src/install/bumperbot_description/share/bumperbot_description/environment/ament_prefix_path.sh
[3.569s] -- Installing: /home/sora/bumperbot_ws/src/install/bumperbot_description/share/bumperbot_description/environment/ament_prefix_path.dsv
[3.569s] -- Installing: /home/sora/bumperbot_ws/src/install/bumperbot_description/share/bumperbot_description/environment/path.sh
[3.569s] -- Installing: /home/sora/bumperbot_ws/src/install/bumperbot_description/share/bumperbot_description/environment/path.dsv
[3.569s] -- Installing: /home/sora/bumperbot_ws/src/install/bumperbot_description/share/bumperbot_description/local_setup.bash
[3.569s] -- Installing: /home/sora/bumperbot_ws/src/install/bumperbot_description/share/bumperbot_description/local_setup.sh
[3.569s] -- Installing: /home/sora/bumperbot_ws/src/install/bumperbot_description/share/bumperbot_description/local_setup.zsh
[3.569s] -- Installing: /home/sora/bumperbot_ws/src/install/bumperbot_description/share/bumperbot_description/local_setup.dsv
[3.569s] -- Installing: /home/sora/bumperbot_ws/src/install/bumperbot_description/share/bumperbot_description/package.dsv
[3.569s] -- Installing: /home/sora/bumperbot_ws/src/install/bumperbot_description/share/ament_index/resource_index/packages/bumperbot_description
[3.569s] -- Installing: /home/sora/bumperbot_ws/src/install/bumperbot_description/share/bumperbot_description/cmake/bumperbot_descriptionConfig.cmake
[3.569s] -- Installing: /home/sora/bumperbot_ws/src/install/bumperbot_description/share/bumperbot_description/cmake/bumperbot_descriptionConfig-version.cmake
[3.570s] -- Installing: /home/sora/bumperbot_ws/src/install/bumperbot_description/share/bumperbot_description/package.xml
[3.579s] Invoked command in '/home/sora/bumperbot_ws/src/build/bumperbot_description' returned '0': CMAKE_PREFIX_PATH=/opt/ros/humble /usr/bin/cmake --install /home/sora/bumperbot_ws/src/build/bumperbot_description
