[0.823s] Invoking command in '/home/sora/bumperbot_ws/src/bumperbot_py_examples': PYTHONPATH=/home/sora/bumperbot_ws/build/bumperbot_py_examples/prefix_override:/home/sora/.local/lib/python3.10/site-packages/colcon_core/task/python/colcon_distutils_commands:/home/sora/bumperbot_ws/install/bumperbot_py_examples/lib/python3.10/site-packages:${PYTHONPATH} /usr/bin/python3 -W ignore:setup.py install is deprecated setup.py egg_info --egg-base ../../build/bumperbot_py_examples build --build-base /home/sora/bumperbot_ws/build/bumperbot_py_examples/build install --record /home/sora/bumperbot_ws/build/bumperbot_py_examples/install.log --single-version-externally-managed install_data
[1.099s] running egg_info
[1.101s] writing ../../build/bumperbot_py_examples/bumperbot_py_examples.egg-info/PKG-INFO
[1.103s] writing dependency_links to ../../build/bumperbot_py_examples/bumperbot_py_examples.egg-info/dependency_links.txt
[1.104s] writing entry points to ../../build/bumperbot_py_examples/bumperbot_py_examples.egg-info/entry_points.txt
[1.106s] writing requirements to ../../build/bumperbot_py_examples/bumperbot_py_examples.egg-info/requires.txt
[1.107s] writing top-level names to ../../build/bumperbot_py_examples/bumperbot_py_examples.egg-info/top_level.txt
[1.109s] reading manifest file '../../build/bumperbot_py_examples/bumperbot_py_examples.egg-info/SOURCES.txt'
[1.111s] writing manifest file '../../build/bumperbot_py_examples/bumperbot_py_examples.egg-info/SOURCES.txt'
[1.112s] running build
[1.113s] running build_py
[1.114s] running install
[1.114s] running install_lib
[1.116s] running install_data
[1.118s] running install_egg_info
[1.118s] removing '/home/sora/bumperbot_ws/install/bumperbot_py_examples/lib/python3.10/site-packages/bumperbot_py_examples-0.0.0-py3.10.egg-info' (and everything under it)
[1.121s] Copying ../../build/bumperbot_py_examples/bumperbot_py_examples.egg-info to /home/sora/bumperbot_ws/install/bumperbot_py_examples/lib/python3.10/site-packages/bumperbot_py_examples-0.0.0-py3.10.egg-info
[1.131s] running install_scripts
[1.157s] Installing simple_parameter script to /home/sora/bumperbot_ws/install/bumperbot_py_examples/lib/bumperbot_py_examples
[1.158s] Installing simple_publisher script to /home/sora/bumperbot_ws/install/bumperbot_py_examples/lib/bumperbot_py_examples
[1.158s] Installing simple_subscriber script to /home/sora/bumperbot_ws/install/bumperbot_py_examples/lib/bumperbot_py_examples
[1.159s] writing list of installed files to '/home/sora/bumperbot_ws/build/bumperbot_py_examples/install.log'
[1.216s] Invoked command in '/home/sora/bumperbot_ws/src/bumperbot_py_examples' returned '0': PYTHONPATH=/home/sora/bumperbot_ws/build/bumperbot_py_examples/prefix_override:/home/sora/.local/lib/python3.10/site-packages/colcon_core/task/python/colcon_distutils_commands:/home/sora/bumperbot_ws/install/bumperbot_py_examples/lib/python3.10/site-packages:${PYTHONPATH} /usr/bin/python3 -W ignore:setup.py install is deprecated setup.py egg_info --egg-base ../../build/bumperbot_py_examples build --build-base /home/sora/bumperbot_ws/build/bumperbot_py_examples/build install --record /home/sora/bumperbot_ws/build/bumperbot_py_examples/install.log --single-version-externally-managed install_data
