[0.067s] Invoking command in '/home/sora/bumperbot_ws/build/bumperbot_description': /usr/bin/cmake --build /home/sora/bumperbot_ws/build/bumperbot_description -- -j1 -l1
[0.508s] Invoked command in '/home/sora/bumperbot_ws/build/bumperbot_description' returned '0': /usr/bin/cmake --build /home/sora/bumperbot_ws/build/bumperbot_description -- -j1 -l1
[0.667s] Invoking command in '/home/sora/bumperbot_ws/build/bumperbot_description': /usr/bin/cmake --install /home/sora/bumperbot_ws/build/bumperbot_description
[0.779s] -- Install configuration: ""
[0.787s] -- Up-to-date: /home/sora/bumperbot_ws/install/bumperbot_description/share/bumperbot_description/meshes
[0.787s] -- Up-to-date: /home/sora/bumperbot_ws/install/bumperbot_description/share/bumperbot_description/meshes/wheel_right_link.STL
[0.788s] -- Up-to-date: /home/sora/bumperbot_ws/install/bumperbot_description/share/bumperbot_description/meshes/caster_rear_link.STL
[0.788s] -- Installing: /home/sora/bumperbot_ws/install/bumperbot_description/share/bumperbot_description/meshes/base_link.stl
[1.052s] -- Up-to-date: /home/sora/bumperbot_ws/install/bumperbot_description/share/bumperbot_description/meshes/caster_front_link.STL
[1.052s] -- Up-to-date: /home/sora/bumperbot_ws/install/bumperbot_description/share/bumperbot_description/meshes/wheel_left_link.STL
[1.052s] -- Up-to-date: /home/sora/bumperbot_ws/install/bumperbot_description/share/bumperbot_description/meshes/imu_link.STL
[1.052s] -- Up-to-date: /home/sora/bumperbot_ws/install/bumperbot_description/share/bumperbot_description/urdf
[1.052s] -- Installing: /home/sora/bumperbot_ws/install/bumperbot_description/share/bumperbot_description/urdf/bumperbot.urdf.xacro
[1.053s] -- Up-to-date: /home/sora/bumperbot_ws/install/bumperbot_description/share/ament_index/resource_index/package_run_dependencies/bumperbot_description
[1.053s] -- Up-to-date: /home/sora/bumperbot_ws/install/bumperbot_description/share/ament_index/resource_index/parent_prefix_path/bumperbot_description
[1.053s] -- Up-to-date: /home/sora/bumperbot_ws/install/bumperbot_description/share/bumperbot_description/environment/ament_prefix_path.sh
[1.053s] -- Up-to-date: /home/sora/bumperbot_ws/install/bumperbot_description/share/bumperbot_description/environment/ament_prefix_path.dsv
[1.053s] -- Up-to-date: /home/sora/bumperbot_ws/install/bumperbot_description/share/bumperbot_description/environment/path.sh
[1.053s] -- Up-to-date: /home/sora/bumperbot_ws/install/bumperbot_description/share/bumperbot_description/environment/path.dsv
[1.053s] -- Up-to-date: /home/sora/bumperbot_ws/install/bumperbot_description/share/bumperbot_description/local_setup.bash
[1.053s] -- Up-to-date: /home/sora/bumperbot_ws/install/bumperbot_description/share/bumperbot_description/local_setup.sh
[1.053s] -- Up-to-date: /home/sora/bumperbot_ws/install/bumperbot_description/share/bumperbot_description/local_setup.zsh
[1.053s] -- Up-to-date: /home/sora/bumperbot_ws/install/bumperbot_description/share/bumperbot_description/local_setup.dsv
[1.053s] -- Installing: /home/sora/bumperbot_ws/install/bumperbot_description/share/bumperbot_description/package.dsv
[1.053s] -- Up-to-date: /home/sora/bumperbot_ws/install/bumperbot_description/share/ament_index/resource_index/packages/bumperbot_description
[1.054s] -- Up-to-date: /home/sora/bumperbot_ws/install/bumperbot_description/share/bumperbot_description/cmake/bumperbot_descriptionConfig.cmake
[1.054s] -- Up-to-date: /home/sora/bumperbot_ws/install/bumperbot_description/share/bumperbot_description/cmake/bumperbot_descriptionConfig-version.cmake
[1.054s] -- Up-to-date: /home/sora/bumperbot_ws/install/bumperbot_description/share/bumperbot_description/package.xml
[1.062s] Invoked command in '/home/sora/bumperbot_ws/build/bumperbot_description' returned '0': /usr/bin/cmake --install /home/sora/bumperbot_ws/build/bumperbot_description
